{"/Users/joel.castillo.cq/conductor/workspaces/outlook-mac-mcp/salem/src/config.ts": {"path":"/Users/joel.castillo.cq/conductor/workspaces/outlook-mac-mcp/salem/src/config.ts","all":true,"statementMap":{"0":{"start":{"line":1,"column":0},"end":{"line":1,"column":34}},"20":{"start":{"line":21,"column":0},"end":{"line":21,"column":39}},"21":{"start":{"line":22,"column":0},"end":{"line":22,"column":12}},"22":{"start":{"line":23,"column":0},"end":{"line":23,"column":12}},"23":{"start":{"line":24,"column":0},"end":{"line":24,"column":21}},"24":{"start":{"line":25,"column":0},"end":{"line":25,"column":22}},"25":{"start":{"line":26,"column":0},"end":{"line":26,"column":12}},"26":{"start":{"line":27,"column":0},"end":{"line":27,"column":23}},"27":{"start":{"line":28,"column":0},"end":{"line":28,"column":2}},"32":{"start":{"line":33,"column":0},"end":{"line":33,"column":44}},"37":{"start":{"line":38,"column":0},"end":{"line":38,"column":47}},"38":{"start":{"line":39,"column":0},"end":{"line":39,"column":77}},"39":{"start":{"line":40,"column":0},"end":{"line":40,"column":25}},"40":{"start":{"line":41,"column":0},"end":{"line":41,"column":66}},"42":{"start":{"line":43,"column":0},"end":{"line":43,"column":57}},"43":{"start":{"line":44,"column":0},"end":{"line":44,"column":45}},"44":{"start":{"line":45,"column":0},"end":{"line":45,"column":56}},"46":{"start":{"line":47,"column":0},"end":{"line":47,"column":10}},"47":{"start":{"line":48,"column":0},"end":{"line":48,"column":16}},"48":{"start":{"line":49,"column":0},"end":{"line":49,"column":20}},"49":{"start":{"line":50,"column":0},"end":{"line":50,"column":17}},"50":{"start":{"line":51,"column":0},"end":{"line":51,"column":13}},"51":{"start":{"line":52,"column":0},"end":{"line":52,"column":4}},"52":{"start":{"line":53,"column":0},"end":{"line":53,"column":1}},"58":{"start":{"line":59,"column":0},"end":{"line":59,"column":61}},"61":{"start":{"line":62,"column":0},"end":{"line":62,"column":41}},"62":{"start":{"line":63,"column":0},"end":{"line":63,"column":52}},"63":{"start":{"line":64,"column":0},"end":{"line":64,"column":3}},"64":{"start":{"line":65,"column":0},"end":{"line":65,"column":1}}},"s":{"0":0,"20":0,"21":0,"22":0,"23":0,"24":0,"25":0,"26":0,"27":0,"32":0,"37":0,"38":0,"39":0,"40":0,"42":0,"43":0,"44":0,"46":0,"47":0,"48":0,"49":0,"50":0,"51":0,"52":0,"58":0,"61":0,"62":0,"63":0,"64":0},"branchMap":{"0":{"type":"branch","line":1,"loc":{"start":{"line":1,"column":1666},"end":{"line":65,"column":1}},"locations":[{"start":{"line":1,"column":1666},"end":{"line":65,"column":1}}]}},"b":{"0":[0]},"fnMap":{"0":{"name":"(empty-report)","decl":{"start":{"line":1,"column":1666},"end":{"line":65,"column":1}},"loc":{"start":{"line":1,"column":1666},"end":{"line":65,"column":1}},"line":1}},"f":{"0":0}}
,"/Users/joel.castillo.cq/conductor/workspaces/outlook-mac-mcp/salem/src/applescript/content-readers.ts": {"path":"/Users/joel.castillo.cq/conductor/workspaces/outlook-mac-mcp/salem/src/applescript/content-readers.ts","all":false,"statementMap":{"0":{"start":{"line":1,"column":0},"end":{"line":1,"column":3}},"28":{"start":{"line":29,"column":0},"end":{"line":29,"column":54}},"34":{"start":{"line":35,"column":0},"end":{"line":35,"column":54}},"40":{"start":{"line":41,"column":0},"end":{"line":41,"column":58}},"46":{"start":{"line":47,"column":0},"end":{"line":47,"column":52}},"52":{"start":{"line":53,"column":0},"end":{"line":53,"column":52}},"61":{"start":{"line":62,"column":0},"end":{"line":62,"column":72}},"62":{"start":{"line":63,"column":0},"end":{"line":63,"column":49}},"63":{"start":{"line":64,"column":0},"end":{"line":64,"column":16}},"64":{"start":{"line":65,"column":0},"end":{"line":65,"column":3}},"65":{"start":{"line":66,"column":0},"end":{"line":66,"column":46}},"66":{"start":{"line":67,"column":0},"end":{"line":67,"column":33}},"67":{"start":{"line":68,"column":0},"end":{"line":68,"column":31}},"68":{"start":{"line":69,"column":0},"end":{"line":69,"column":1}},"73":{"start":{"line":74,"column":0},"end":{"line":74,"column":53}},"74":{"start":{"line":75,"column":0},"end":{"line":75,"column":37}},"75":{"start":{"line":76,"column":0},"end":{"line":76,"column":1}},"77":{"start":{"line":78,"column":0},"end":{"line":78,"column":53}},"78":{"start":{"line":79,"column":0},"end":{"line":79,"column":37}},"79":{"start":{"line":80,"column":0},"end":{"line":80,"column":1}},"81":{"start":{"line":82,"column":0},"end":{"line":82,"column":55}},"82":{"start":{"line":83,"column":0},"end":{"line":83,"column":39}},"83":{"start":{"line":84,"column":0},"end":{"line":84,"column":1}},"85":{"start":{"line":86,"column":0},"end":{"line":86,"column":52}},"86":{"start":{"line":87,"column":0},"end":{"line":87,"column":36}},"87":{"start":{"line":88,"column":0},"end":{"line":88,"column":1}},"89":{"start":{"line":90,"column":0},"end":{"line":90,"column":52}},"90":{"start":{"line":91,"column":0},"end":{"line":91,"column":36}},"91":{"start":{"line":92,"column":0},"end":{"line":92,"column":1}},"100":{"start":{"line":101,"column":0},"end":{"line":101,"column":70}},"101":{"start":{"line":102,"column":0},"end":{"line":102,"column":61}},"102":{"start":{"line":103,"column":0},"end":{"line":103,"column":58}},"103":{"start":{"line":104,"column":0},"end":{"line":104,"column":21}},"104":{"start":{"line":105,"column":0},"end":{"line":105,"column":18}},"105":{"start":{"line":106,"column":0},"end":{"line":106,"column":5}},"107":{"start":{"line":108,"column":0},"end":{"line":108,"column":9}},"108":{"start":{"line":109,"column":0},"end":{"line":109,"column":44}},"109":{"start":{"line":110,"column":0},"end":{"line":110,"column":48}},"110":{"start":{"line":111,"column":0},"end":{"line":111,"column":28}},"111":{"start":{"line":112,"column":0},"end":{"line":112,"column":20}},"112":{"start":{"line":113,"column":0},"end":{"line":113,"column":7}},"114":{"start":{"line":115,"column":0},"end":{"line":115,"column":53}},"115":{"start":{"line":116,"column":0},"end":{"line":116,"column":26}},"116":{"start":{"line":117,"column":0},"end":{"line":117,"column":20}},"117":{"start":{"line":118,"column":0},"end":{"line":118,"column":7}},"120":{"start":{"line":121,"column":0},"end":{"line":121,"column":53}},"121":{"start":{"line":122,"column":0},"end":{"line":122,"column":13}},"122":{"start":{"line":123,"column":0},"end":{"line":123,"column":18}},"123":{"start":{"line":124,"column":0},"end":{"line":124,"column":5}},"124":{"start":{"line":125,"column":0},"end":{"line":125,"column":3}},"125":{"start":{"line":126,"column":0},"end":{"line":126,"column":1}},"134":{"start":{"line":135,"column":0},"end":{"line":135,"column":75}},"135":{"start":{"line":136,"column":0},"end":{"line":136,"column":70}},"136":{"start":{"line":137,"column":0},"end":{"line":137,"column":58}},"137":{"start":{"line":138,"column":0},"end":{"line":138,"column":21}},"138":{"start":{"line":139,"column":0},"end":{"line":139,"column":18}},"139":{"start":{"line":140,"column":0},"end":{"line":140,"column":5}},"141":{"start":{"line":142,"column":0},"end":{"line":142,"column":9}},"142":{"start":{"line":143,"column":0},"end":{"line":143,"column":42}},"143":{"start":{"line":144,"column":0},"end":{"line":144,"column":48}},"144":{"start":{"line":145,"column":0},"end":{"line":145,"column":28}},"145":{"start":{"line":146,"column":0},"end":{"line":146,"column":20}},"146":{"start":{"line":147,"column":0},"end":{"line":147,"column":7}},"148":{"start":{"line":149,"column":0},"end":{"line":149,"column":53}},"149":{"start":{"line":150,"column":0},"end":{"line":150,"column":26}},"150":{"start":{"line":151,"column":0},"end":{"line":151,"column":20}},"151":{"start":{"line":152,"column":0},"end":{"line":152,"column":7}},"153":{"start":{"line":154,"column":0},"end":{"line":154,"column":14}},"154":{"start":{"line":155,"column":0},"end":{"line":155,"column":29}},"155":{"start":{"line":156,"column":0},"end":{"line":156,"column":33}},"156":{"start":{"line":157,"column":0},"end":{"line":157,"column":61}},"157":{"start":{"line":158,"column":0},"end":{"line":158,"column":35}},"158":{"start":{"line":159,"column":0},"end":{"line":159,"column":48}},"159":{"start":{"line":160,"column":0},"end":{"line":160,"column":25}},"160":{"start":{"line":161,"column":0},"end":{"line":161,"column":23}},"161":{"start":{"line":162,"column":0},"end":{"line":162,"column":37}},"162":{"start":{"line":163,"column":0},"end":{"line":163,"column":12}},"163":{"start":{"line":164,"column":0},"end":{"line":164,"column":8}},"164":{"start":{"line":165,"column":0},"end":{"line":165,"column":13}},"165":{"start":{"line":166,"column":0},"end":{"line":166,"column":18}},"166":{"start":{"line":167,"column":0},"end":{"line":167,"column":5}},"167":{"start":{"line":168,"column":0},"end":{"line":168,"column":3}},"168":{"start":{"line":169,"column":0},"end":{"line":169,"column":1}},"177":{"start":{"line":178,"column":0},"end":{"line":178,"column":79}},"178":{"start":{"line":179,"column":0},"end":{"line":179,"column":74}},"179":{"start":{"line":180,"column":0},"end":{"line":180,"column":60}},"180":{"start":{"line":181,"column":0},"end":{"line":181,"column":21}},"181":{"start":{"line":182,"column":0},"end":{"line":182,"column":18}},"182":{"start":{"line":183,"column":0},"end":{"line":183,"column":5}},"184":{"start":{"line":185,"column":0},"end":{"line":185,"column":9}},"185":{"start":{"line":186,"column":0},"end":{"line":186,"column":44}},"186":{"start":{"line":187,"column":0},"end":{"line":187,"column":48}},"187":{"start":{"line":188,"column":0},"end":{"line":188,"column":28}},"188":{"start":{"line":189,"column":0},"end":{"line":189,"column":20}},"189":{"start":{"line":190,"column":0},"end":{"line":190,"column":7}},"191":{"start":{"line":192,"column":0},"end":{"line":192,"column":57}},"192":{"start":{"line":193,"column":0},"end":{"line":193,"column":28}},"193":{"start":{"line":194,"column":0},"end":{"line":194,"column":20}},"194":{"start":{"line":195,"column":0},"end":{"line":195,"column":7}},"197":{"start":{"line":198,"column":0},"end":{"line":198,"column":86}},"198":{"start":{"line":199,"column":0},"end":{"line":199,"column":21}},"199":{"start":{"line":200,"column":0},"end":{"line":200,"column":19}},"200":{"start":{"line":201,"column":0},"end":{"line":201,"column":10}},"203":{"start":{"line":204,"column":0},"end":{"line":204,"column":60}},"204":{"start":{"line":205,"column":0},"end":{"line":205,"column":38}},"205":{"start":{"line":206,"column":0},"end":{"line":206,"column":65}},"206":{"start":{"line":207,"column":0},"end":{"line":207,"column":7}},"207":{"start":{"line":208,"column":0},"end":{"line":208,"column":38}},"208":{"start":{"line":209,"column":0},"end":{"line":209,"column":65}},"209":{"start":{"line":210,"column":0},"end":{"line":210,"column":7}},"210":{"start":{"line":211,"column":0},"end":{"line":211,"column":40}},"211":{"start":{"line":212,"column":0},"end":{"line":212,"column":69}},"212":{"start":{"line":213,"column":0},"end":{"line":213,"column":7}},"215":{"start":{"line":216,"column":0},"end":{"line":216,"column":24}},"222":{"start":{"line":223,"column":0},"end":{"line":223,"column":15}},"224":{"start":{"line":225,"column":0},"end":{"line":225,"column":10}},"225":{"start":{"line":226,"column":0},"end":{"line":226,"column":37}},"226":{"start":{"line":227,"column":0},"end":{"line":227,"column":35}},"227":{"start":{"line":228,"column":0},"end":{"line":228,"column":36}},"228":{"start":{"line":229,"column":0},"end":{"line":229,"column":34}},"229":{"start":{"line":230,"column":0},"end":{"line":230,"column":35}},"230":{"start":{"line":231,"column":0},"end":{"line":231,"column":9}},"231":{"start":{"line":232,"column":0},"end":{"line":232,"column":24}},"232":{"start":{"line":233,"column":0},"end":{"line":233,"column":23}},"233":{"start":{"line":234,"column":0},"end":{"line":234,"column":37}},"234":{"start":{"line":235,"column":0},"end":{"line":235,"column":33}},"235":{"start":{"line":236,"column":0},"end":{"line":236,"column":35}},"236":{"start":{"line":237,"column":0},"end":{"line":237,"column":38}},"237":{"start":{"line":238,"column":0},"end":{"line":238,"column":39}},"238":{"start":{"line":239,"column":0},"end":{"line":239,"column":11}},"239":{"start":{"line":240,"column":0},"end":{"line":240,"column":7}},"241":{"start":{"line":242,"column":0},"end":{"line":242,"column":14}},"242":{"start":{"line":243,"column":0},"end":{"line":243,"column":37}},"243":{"start":{"line":244,"column":0},"end":{"line":244,"column":35}},"244":{"start":{"line":245,"column":0},"end":{"line":245,"column":39}},"245":{"start":{"line":246,"column":0},"end":{"line":246,"column":35}},"246":{"start":{"line":247,"column":0},"end":{"line":247,"column":33}},"247":{"start":{"line":248,"column":0},"end":{"line":248,"column":35}},"248":{"start":{"line":249,"column":0},"end":{"line":249,"column":39}},"249":{"start":{"line":250,"column":0},"end":{"line":250,"column":15}},"250":{"start":{"line":251,"column":0},"end":{"line":251,"column":15}},"251":{"start":{"line":252,"column":0},"end":{"line":252,"column":18}},"252":{"start":{"line":253,"column":0},"end":{"line":253,"column":29}},"253":{"start":{"line":254,"column":0},"end":{"line":254,"column":8}},"254":{"start":{"line":255,"column":0},"end":{"line":255,"column":13}},"255":{"start":{"line":256,"column":0},"end":{"line":256,"column":18}},"256":{"start":{"line":257,"column":0},"end":{"line":257,"column":5}},"257":{"start":{"line":258,"column":0},"end":{"line":258,"column":3}},"258":{"start":{"line":259,"column":0},"end":{"line":259,"column":1}},"267":{"start":{"line":268,"column":0},"end":{"line":268,"column":73}},"268":{"start":{"line":269,"column":0},"end":{"line":269,"column":68}},"269":{"start":{"line":270,"column":0},"end":{"line":270,"column":57}},"270":{"start":{"line":271,"column":0},"end":{"line":271,"column":21}},"271":{"start":{"line":272,"column":0},"end":{"line":272,"column":18}},"272":{"start":{"line":273,"column":0},"end":{"line":273,"column":5}},"274":{"start":{"line":275,"column":0},"end":{"line":275,"column":9}},"275":{"start":{"line":276,"column":0},"end":{"line":276,"column":41}},"276":{"start":{"line":277,"column":0},"end":{"line":277,"column":48}},"277":{"start":{"line":278,"column":0},"end":{"line":278,"column":28}},"278":{"start":{"line":279,"column":0},"end":{"line":279,"column":20}},"279":{"start":{"line":280,"column":0},"end":{"line":280,"column":7}},"281":{"start":{"line":282,"column":0},"end":{"line":282,"column":51}},"282":{"start":{"line":283,"column":0},"end":{"line":283,"column":25}},"283":{"start":{"line":284,"column":0},"end":{"line":284,"column":20}},"284":{"start":{"line":285,"column":0},"end":{"line":285,"column":7}},"286":{"start":{"line":287,"column":0},"end":{"line":287,"column":14}},"287":{"start":{"line":288,"column":0},"end":{"line":288,"column":52}},"288":{"start":{"line":289,"column":0},"end":{"line":289,"column":42}},"289":{"start":{"line":290,"column":0},"end":{"line":290,"column":27}},"290":{"start":{"line":291,"column":0},"end":{"line":291,"column":23}},"291":{"start":{"line":292,"column":0},"end":{"line":292,"column":8}},"292":{"start":{"line":293,"column":0},"end":{"line":293,"column":13}},"293":{"start":{"line":294,"column":0},"end":{"line":294,"column":18}},"294":{"start":{"line":295,"column":0},"end":{"line":295,"column":5}},"295":{"start":{"line":296,"column":0},"end":{"line":296,"column":3}},"296":{"start":{"line":297,"column":0},"end":{"line":297,"column":1}},"305":{"start":{"line":306,"column":0},"end":{"line":306,"column":73}},"306":{"start":{"line":307,"column":0},"end":{"line":307,"column":68}},"307":{"start":{"line":308,"column":0},"end":{"line":308,"column":57}},"308":{"start":{"line":309,"column":0},"end":{"line":309,"column":21}},"309":{"start":{"line":310,"column":0},"end":{"line":310,"column":18}},"310":{"start":{"line":311,"column":0},"end":{"line":311,"column":5}},"312":{"start":{"line":313,"column":0},"end":{"line":313,"column":9}},"313":{"start":{"line":314,"column":0},"end":{"line":314,"column":41}},"314":{"start":{"line":315,"column":0},"end":{"line":315,"column":48}},"315":{"start":{"line":316,"column":0},"end":{"line":316,"column":28}},"316":{"start":{"line":317,"column":0},"end":{"line":317,"column":20}},"317":{"start":{"line":318,"column":0},"end":{"line":318,"column":7}},"319":{"start":{"line":320,"column":0},"end":{"line":320,"column":51}},"320":{"start":{"line":321,"column":0},"end":{"line":321,"column":25}},"321":{"start":{"line":322,"column":0},"end":{"line":322,"column":20}},"322":{"start":{"line":323,"column":0},"end":{"line":323,"column":7}},"324":{"start":{"line":325,"column":0},"end":{"line":325,"column":63}},"325":{"start":{"line":326,"column":0},"end":{"line":326,"column":45}},"327":{"start":{"line":328,"column":0},"end":{"line":328,"column":14}},"328":{"start":{"line":329,"column":0},"end":{"line":329,"column":25}},"329":{"start":{"line":330,"column":0},"end":{"line":330,"column":13}},"330":{"start":{"line":331,"column":0},"end":{"line":331,"column":16}},"331":{"start":{"line":332,"column":0},"end":{"line":332,"column":38}},"332":{"start":{"line":333,"column":0},"end":{"line":333,"column":23}},"333":{"start":{"line":334,"column":0},"end":{"line":334,"column":8}},"334":{"start":{"line":335,"column":0},"end":{"line":335,"column":13}},"335":{"start":{"line":336,"column":0},"end":{"line":336,"column":18}},"336":{"start":{"line":337,"column":0},"end":{"line":337,"column":5}},"337":{"start":{"line":338,"column":0},"end":{"line":338,"column":3}},"338":{"start":{"line":339,"column":0},"end":{"line":339,"column":1}},"358":{"start":{"line":359,"column":0},"end":{"line":359,"column":78}},"359":{"start":{"line":360,"column":0},"end":{"line":360,"column":10}},"360":{"start":{"line":361,"column":0},"end":{"line":361,"column":47}},"361":{"start":{"line":362,"column":0},"end":{"line":362,"column":47}},"362":{"start":{"line":363,"column":0},"end":{"line":363,"column":51}},"363":{"start":{"line":364,"column":0},"end":{"line":364,"column":45}},"364":{"start":{"line":365,"column":0},"end":{"line":365,"column":45}},"365":{"start":{"line":366,"column":0},"end":{"line":366,"column":4}},"366":{"start":{"line":367,"column":0},"end":{"line":367,"column":1}}},"s":{"0":1,"28":1,"34":1,"40":1,"46":1,"52":1,"61":0,"62":0,"63":0,"64":0,"65":0,"66":0,"67":0,"68":0,"73":1,"74":0,"75":0,"77":1,"78":0,"79":0,"81":1,"82":0,"83":0,"85":1,"86":0,"87":0,"89":1,"90":0,"91":0,"100":1,"101":1,"102":0,"103":0,"104":0,"105":0,"107":0,"108":0,"109":0,"110":0,"111":0,"112":0,"114":0,"115":0,"116":0,"117":0,"120":0,"121":0,"122":0,"123":0,"124":0,"125":1,"134":1,"135":1,"136":0,"137":0,"138":0,"139":0,"141":0,"142":0,"143":0,"144":0,"145":0,"146":0,"148":0,"149":0,"150":0,"151":0,"153":0,"154":0,"155":0,"156":0,"157":0,"158":0,"159":0,"160":0,"161":0,"162":0,"163":0,"164":0,"165":0,"166":0,"167":0,"168":1,"177":1,"178":1,"179":0,"180":0,"181":0,"182":0,"184":0,"185":0,"186":0,"187":0,"188":0,"189":0,"191":0,"192":0,"193":0,"194":0,"197":0,"198":0,"199":0,"200":0,"203":0,"204":0,"205":0,"206":0,"207":0,"208":0,"209":0,"210":0,"211":0,"212":0,"215":0,"222":0,"224":0,"225":0,"226":0,"227":0,"228":0,"229":0,"230":0,"231":0,"232":0,"233":0,"234":0,"235":0,"236":0,"237":0,"238":0,"239":0,"241":0,"242":0,"243":0,"244":0,"245":0,"246":0,"247":0,"248":0,"249":0,"250":0,"251":0,"252":0,"253":0,"254":0,"255":0,"256":0,"257":0,"258":1,"267":1,"268":1,"269":0,"270":0,"271":0,"272":0,"274":0,"275":0,"276":0,"277":0,"278":0,"279":0,"281":0,"282":0,"283":0,"284":0,"286":0,"287":0,"288":0,"289":0,"290":0,"291":0,"292":0,"293":0,"294":0,"295":0,"296":1,"305":1,"306":1,"307":0,"308":0,"309":0,"310":0,"312":0,"313":0,"314":0,"315":0,"316":0,"317":0,"319":0,"320":0,"321":0,"322":0,"324":0,"325":0,"327":0,"328":0,"329":0,"330":0,"331":0,"332":0,"333":0,"334":0,"335":0,"336":0,"337":0,"338":1,"358":1,"359":1,"360":1,"361":1,"362":1,"363":1,"364":1,"365":1,"366":1},"branchMap":{"0":{"type":"branch","line":359,"loc":{"start":{"line":359,"column":7},"end":{"line":367,"column":1}},"locations":[{"start":{"line":359,"column":7},"end":{"line":367,"column":1}}]}},"b":{"0":[1]},"fnMap":{"0":{"name":"extractId","decl":{"start":{"line":62,"column":0},"end":{"line":69,"column":1}},"loc":{"start":{"line":62,"column":0},"end":{"line":69,"column":1}},"line":62},"1":{"name":"createEmailPath","decl":{"start":{"line":74,"column":7},"end":{"line":76,"column":1}},"loc":{"start":{"line":74,"column":7},"end":{"line":76,"column":1}},"line":74},"2":{"name":"createEventPath","decl":{"start":{"line":78,"column":7},"end":{"line":80,"column":1}},"loc":{"start":{"line":78,"column":7},"end":{"line":80,"column":1}},"line":78},"3":{"name":"createContactPath","decl":{"start":{"line":82,"column":7},"end":{"line":84,"column":1}},"loc":{"start":{"line":82,"column":7},"end":{"line":84,"column":1}},"line":82},"4":{"name":"createTaskPath","decl":{"start":{"line":86,"column":7},"end":{"line":88,"column":1}},"loc":{"start":{"line":86,"column":7},"end":{"line":88,"column":1}},"line":86},"5":{"name":"createNotePath","decl":{"start":{"line":90,"column":7},"end":{"line":92,"column":1}},"loc":{"start":{"line":90,"column":7},"end":{"line":92,"column":1}},"line":90},"6":{"name":"readEmailBody","decl":{"start":{"line":102,"column":2},"end":{"line":125,"column":3}},"loc":{"start":{"line":102,"column":2},"end":{"line":125,"column":3}},"line":102},"7":{"name":"readEventDetails","decl":{"start":{"line":136,"column":2},"end":{"line":168,"column":3}},"loc":{"start":{"line":136,"column":2},"end":{"line":168,"column":3}},"line":136},"8":{"name":"readContactDetails","decl":{"start":{"line":179,"column":2},"end":{"line":258,"column":3}},"loc":{"start":{"line":179,"column":2},"end":{"line":258,"column":3}},"line":179},"9":{"name":"readTaskDetails","decl":{"start":{"line":269,"column":2},"end":{"line":296,"column":3}},"loc":{"start":{"line":269,"column":2},"end":{"line":296,"column":3}},"line":269},"10":{"name":"readNoteDetails","decl":{"start":{"line":307,"column":2},"end":{"line":338,"column":3}},"loc":{"start":{"line":307,"column":2},"end":{"line":338,"column":3}},"line":307},"11":{"name":"createAppleScriptContentReaders","decl":{"start":{"line":359,"column":7},"end":{"line":367,"column":1}},"loc":{"start":{"line":359,"column":7},"end":{"line":367,"column":1}},"line":359}},"f":{"0":0,"1":0,"2":0,"3":0,"4":0,"5":0,"6":0,"7":0,"8":0,"9":0,"10":0,"11":1}}
,"/Users/joel.castillo.cq/conductor/workspaces/outlook-mac-mcp/salem/src/applescript/executor.ts": {"path":"/Users/joel.castillo.cq/conductor/workspaces/outlook-mac-mcp/salem/src/applescript/executor.ts","all":false,"statementMap":{"0":{"start":{"line":1,"column":0},"end":{"line":1,"column":3}},"16":{"start":{"line":17,"column":0},"end":{"line":17,"column":33}},"21":{"start":{"line":22,"column":0},"end":{"line":22,"column":24}},"22":{"start":{"line":23,"column":0},"end":{"line":23,"column":55}},"23":{"start":{"line":24,"column":0},"end":{"line":24,"column":73}},"24":{"start":{"line":25,"column":0},"end":{"line":25,"column":32}},"25":{"start":{"line":26,"column":0},"end":{"line":26,"column":46}},"26":{"start":{"line":27,"column":0},"end":{"line":27,"column":11}},"55":{"start":{"line":56,"column":0},"end":{"line":56,"column":109}},"56":{"start":{"line":57,"column":0},"end":{"line":57,"column":53}},"57":{"start":{"line":58,"column":0},"end":{"line":58,"column":25}},"58":{"start":{"line":59,"column":0},"end":{"line":59,"column":3}},"59":{"start":{"line":60,"column":0},"end":{"line":60,"column":59}},"60":{"start":{"line":61,"column":0},"end":{"line":61,"column":31}},"61":{"start":{"line":62,"column":0},"end":{"line":62,"column":3}},"62":{"start":{"line":63,"column":0},"end":{"line":63,"column":50}},"63":{"start":{"line":64,"column":0},"end":{"line":64,"column":21}},"64":{"start":{"line":65,"column":0},"end":{"line":65,"column":3}},"65":{"start":{"line":66,"column":0},"end":{"line":66,"column":19}},"66":{"start":{"line":67,"column":0},"end":{"line":67,"column":1}},"76":{"start":{"line":77,"column":0},"end":{"line":77,"column":61}},"77":{"start":{"line":78,"column":0},"end":{"line":78,"column":14}},"78":{"start":{"line":79,"column":0},"end":{"line":79,"column":27}},"79":{"start":{"line":80,"column":0},"end":{"line":80,"column":26}},"80":{"start":{"line":81,"column":0},"end":{"line":81,"column":1}},"93":{"start":{"line":94,"column":0},"end":{"line":94,"column":101}},"94":{"start":{"line":95,"column":0},"end":{"line":95,"column":60}},"96":{"start":{"line":97,"column":0},"end":{"line":97,"column":58}},"97":{"start":{"line":98,"column":0},"end":{"line":98,"column":21}},"98":{"start":{"line":99,"column":0},"end":{"line":99,"column":23}},"99":{"start":{"line":100,"column":0},"end":{"line":100,"column":58}},"100":{"start":{"line":101,"column":0},"end":{"line":101,"column":36}},"101":{"start":{"line":102,"column":0},"end":{"line":102,"column":4}},"103":{"start":{"line":104,"column":0},"end":{"line":104,"column":7}},"105":{"start":{"line":106,"column":0},"end":{"line":106,"column":94}},"106":{"start":{"line":107,"column":0},"end":{"line":107,"column":12}},"107":{"start":{"line":108,"column":0},"end":{"line":108,"column":20}},"108":{"start":{"line":109,"column":0},"end":{"line":109,"column":28}},"109":{"start":{"line":110,"column":0},"end":{"line":110,"column":6}},"110":{"start":{"line":111,"column":0},"end":{"line":111,"column":19}},"111":{"start":{"line":112,"column":0},"end":{"line":112,"column":80}},"112":{"start":{"line":113,"column":0},"end":{"line":113,"column":67}},"113":{"start":{"line":114,"column":0},"end":{"line":114,"column":91}},"115":{"start":{"line":116,"column":0},"end":{"line":116,"column":62}},"116":{"start":{"line":117,"column":0},"end":{"line":117,"column":49}},"118":{"start":{"line":119,"column":0},"end":{"line":119,"column":12}},"119":{"start":{"line":120,"column":0},"end":{"line":120,"column":21}},"120":{"start":{"line":121,"column":0},"end":{"line":121,"column":17}},"121":{"start":{"line":122,"column":0},"end":{"line":122,"column":23}},"122":{"start":{"line":123,"column":0},"end":{"line":123,"column":6}},"123":{"start":{"line":124,"column":0},"end":{"line":124,"column":3}},"124":{"start":{"line":125,"column":0},"end":{"line":125,"column":1}},"134":{"start":{"line":135,"column":0},"end":{"line":135,"column":97}},"135":{"start":{"line":136,"column":0},"end":{"line":136,"column":53}},"136":{"start":{"line":137,"column":0},"end":{"line":137,"column":24}},"137":{"start":{"line":138,"column":0},"end":{"line":138,"column":58}},"138":{"start":{"line":139,"column":0},"end":{"line":139,"column":84}},"139":{"start":{"line":140,"column":0},"end":{"line":140,"column":3}},"140":{"start":{"line":141,"column":0},"end":{"line":141,"column":23}},"141":{"start":{"line":142,"column":0},"end":{"line":142,"column":1}},"150":{"start":{"line":151,"column":0},"end":{"line":151,"column":45}},"151":{"start":{"line":152,"column":0},"end":{"line":152,"column":18}},"158":{"start":{"line":159,"column":0},"end":{"line":159,"column":44}},"159":{"start":{"line":160,"column":0},"end":{"line":160,"column":66}},"160":{"start":{"line":161,"column":0},"end":{"line":161,"column":1}},"165":{"start":{"line":166,"column":0},"end":{"line":166,"column":42}},"166":{"start":{"line":167,"column":0},"end":{"line":167,"column":18}},"173":{"start":{"line":174,"column":0},"end":{"line":174,"column":66}},"174":{"start":{"line":175,"column":0},"end":{"line":175,"column":24}},"175":{"start":{"line":176,"column":0},"end":{"line":176,"column":1}},"180":{"start":{"line":181,"column":0},"end":{"line":181,"column":52}},"181":{"start":{"line":182,"column":0},"end":{"line":182,"column":18}},"187":{"start":{"line":188,"column":0},"end":{"line":188,"column":44}},"188":{"start":{"line":189,"column":0},"end":{"line":189,"column":47}},"189":{"start":{"line":190,"column":0},"end":{"line":190,"column":1}},"198":{"start":{"line":199,"column":0},"end":{"line":199,"column":54}},"199":{"start":{"line":200,"column":0},"end":{"line":200,"column":82}},"201":{"start":{"line":202,"column":0},"end":{"line":202,"column":104}},"202":{"start":{"line":203,"column":0},"end":{"line":203,"column":19}},"203":{"start":{"line":204,"column":0},"end":{"line":204,"column":44}},"204":{"start":{"line":205,"column":0},"end":{"line":205,"column":31}},"205":{"start":{"line":206,"column":0},"end":{"line":206,"column":3}},"206":{"start":{"line":207,"column":0},"end":{"line":207,"column":1}}},"s":{"0":1,"16":1,"21":1,"22":1,"23":1,"24":1,"25":1,"26":1,"55":0,"56":0,"57":0,"58":0,"59":0,"60":0,"61":0,"62":0,"63":0,"64":0,"65":0,"66":0,"76":1,"77":0,"78":0,"79":0,"80":0,"93":1,"94":1,"96":1,"97":1,"98":1,"99":1,"100":1,"101":1,"103":1,"105":1,"106":1,"107":1,"108":1,"109":1,"110":1,"111":0,"112":0,"113":0,"115":0,"116":0,"118":0,"119":0,"120":0,"121":0,"122":0,"123":0,"124":1,"134":1,"135":0,"136":0,"137":0,"138":0,"139":0,"140":0,"141":0,"150":1,"151":1,"158":1,"159":1,"160":1,"165":1,"166":0,"173":0,"174":0,"175":0,"180":1,"181":0,"187":0,"188":0,"189":0,"198":1,"199":1,"201":1,"202":0,"203":0,"204":0,"205":0,"206":1},"branchMap":{"0":{"type":"branch","line":94,"loc":{"start":{"line":94,"column":7},"end":{"line":125,"column":1}},"locations":[{"start":{"line":94,"column":7},"end":{"line":125,"column":1}}]},"1":{"type":"branch","line":111,"loc":{"start":{"line":111,"column":2},"end":{"line":124,"column":3}},"locations":[{"start":{"line":111,"column":2},"end":{"line":124,"column":3}}]},"2":{"type":"branch","line":151,"loc":{"start":{"line":151,"column":7},"end":{"line":161,"column":1}},"locations":[{"start":{"line":151,"column":7},"end":{"line":161,"column":1}}]},"3":{"type":"branch","line":200,"loc":{"start":{"line":200,"column":11},"end":{"line":200,"column":82}},"locations":[{"start":{"line":200,"column":11},"end":{"line":200,"column":82}}]}},"b":{"0":[1],"1":[0],"2":[1],"3":[0]},"fnMap":{"0":{"name":"categorizeError","decl":{"start":{"line":56,"column":0},"end":{"line":67,"column":1}},"loc":{"start":{"line":56,"column":0},"end":{"line":67,"column":1}},"line":56},"1":{"name":"escapeForAppleScript","decl":{"start":{"line":77,"column":7},"end":{"line":81,"column":1}},"loc":{"start":{"line":77,"column":7},"end":{"line":81,"column":1}},"line":77},"2":{"name":"executeAppleScript","decl":{"start":{"line":94,"column":7},"end":{"line":125,"column":1}},"loc":{"start":{"line":94,"column":7},"end":{"line":125,"column":1}},"line":94},"3":{"name":"executeAppleScriptOrThrow","decl":{"start":{"line":135,"column":7},"end":{"line":142,"column":1}},"loc":{"start":{"line":135,"column":7},"end":{"line":142,"column":1}},"line":135},"4":{"name":"isOutlookRunning","decl":{"start":{"line":151,"column":7},"end":{"line":161,"column":1}},"loc":{"start":{"line":151,"column":7},"end":{"line":161,"column":1}},"line":151},"5":{"name":"launchOutlook","decl":{"start":{"line":166,"column":7},"end":{"line":176,"column":1}},"loc":{"start":{"line":166,"column":7},"end":{"line":176,"column":1}},"line":166},"6":{"name":"getOutlookVersion","decl":{"start":{"line":181,"column":7},"end":{"line":190,"column":1}},"loc":{"start":{"line":181,"column":7},"end":{"line":190,"column":1}},"line":181},"7":{"name":"<instance_members_initializer>","decl":{"start":{"line":200,"column":11},"end":{"line":200,"column":82}},"loc":{"start":{"line":200,"column":11},"end":{"line":200,"column":82}},"line":200},"8":{"name":"AppleScriptExecutionError","decl":{"start":{"line":202,"column":2},"end":{"line":206,"column":3}},"loc":{"start":{"line":202,"column":2},"end":{"line":206,"column":3}},"line":202}},"f":{"0":0,"1":0,"2":1,"3":0,"4":1,"5":0,"6":0,"7":0,"8":0}}
,"/Users/joel.castillo.cq/conductor/workspaces/outlook-mac-mcp/salem/src/applescript/index.ts": {"path":"/Users/joel.castillo.cq/conductor/workspaces/outlook-mac-mcp/salem/src/applescript/index.ts","all":false,"statementMap":{"0":{"start":{"line":1,"column":0},"end":{"line":1,"column":3}}},"s":{"0":1},"branchMap":{},"b":{},"fnMap":{},"f":{}}
,"/Users/joel.castillo.cq/conductor/workspaces/outlook-mac-mcp/salem/src/applescript/parser.ts": {"path":"/Users/joel.castillo.cq/conductor/workspaces/outlook-mac-mcp/salem/src/applescript/parser.ts","all":false,"statementMap":{"0":{"start":{"line":1,"column":0},"end":{"line":1,"column":3}},"120":{"start":{"line":121,"column":0},"end":{"line":121,"column":57}},"121":{"start":{"line":122,"column":0},"end":{"line":122,"column":35}},"122":{"start":{"line":123,"column":0},"end":{"line":123,"column":14}},"123":{"start":{"line":124,"column":0},"end":{"line":124,"column":3}},"125":{"start":{"line":126,"column":0},"end":{"line":126,"column":37}},"126":{"start":{"line":127,"column":0},"end":{"line":127,"column":84}},"128":{"start":{"line":129,"column":0},"end":{"line":129,"column":42}},"129":{"start":{"line":130,"column":0},"end":{"line":130,"column":36}},"130":{"start":{"line":131,"column":0},"end":{"line":131,"column":59}},"132":{"start":{"line":133,"column":0},"end":{"line":133,"column":42}},"133":{"start":{"line":134,"column":0},"end":{"line":134,"column":61}},"134":{"start":{"line":135,"column":0},"end":{"line":135,"column":53}},"135":{"start":{"line":136,"column":0},"end":{"line":136,"column":28}},"136":{"start":{"line":137,"column":0},"end":{"line":137,"column":7}},"137":{"start":{"line":138,"column":0},"end":{"line":138,"column":5}},"139":{"start":{"line":140,"column":0},"end":{"line":140,"column":41}},"140":{"start":{"line":141,"column":0},"end":{"line":141,"column":27}},"141":{"start":{"line":142,"column":0},"end":{"line":142,"column":5}},"142":{"start":{"line":143,"column":0},"end":{"line":143,"column":3}},"144":{"start":{"line":145,"column":0},"end":{"line":145,"column":17}},"145":{"start":{"line":146,"column":0},"end":{"line":146,"column":1}},"150":{"start":{"line":151,"column":0},"end":{"line":151,"column":57}},"151":{"start":{"line":152,"column":0},"end":{"line":152,"column":73}},"152":{"start":{"line":153,"column":0},"end":{"line":153,"column":13}},"153":{"start":{"line":154,"column":0},"end":{"line":154,"column":3}},"154":{"start":{"line":155,"column":0},"end":{"line":155,"column":34}},"155":{"start":{"line":156,"column":0},"end":{"line":156,"column":30}},"156":{"start":{"line":157,"column":0},"end":{"line":157,"column":1}},"161":{"start":{"line":162,"column":0},"end":{"line":162,"column":70}},"162":{"start":{"line":163,"column":0},"end":{"line":163,"column":73}},"163":{"start":{"line":164,"column":0},"end":{"line":164,"column":16}},"164":{"start":{"line":165,"column":0},"end":{"line":165,"column":3}},"165":{"start":{"line":166,"column":0},"end":{"line":166,"column":34}},"166":{"start":{"line":167,"column":0},"end":{"line":167,"column":33}},"167":{"start":{"line":168,"column":0},"end":{"line":168,"column":1}},"172":{"start":{"line":173,"column":0},"end":{"line":173,"column":59}},"173":{"start":{"line":174,"column":0},"end":{"line":174,"column":28}},"174":{"start":{"line":175,"column":0},"end":{"line":175,"column":17}},"175":{"start":{"line":176,"column":0},"end":{"line":176,"column":3}},"176":{"start":{"line":177,"column":0},"end":{"line":177,"column":40}},"177":{"start":{"line":178,"column":0},"end":{"line":178,"column":1}},"182":{"start":{"line":183,"column":0},"end":{"line":183,"column":64}},"183":{"start":{"line":184,"column":0},"end":{"line":184,"column":73}},"184":{"start":{"line":185,"column":0},"end":{"line":185,"column":16}},"185":{"start":{"line":186,"column":0},"end":{"line":186,"column":3}},"186":{"start":{"line":187,"column":0},"end":{"line":187,"column":15}},"187":{"start":{"line":188,"column":0},"end":{"line":188,"column":1}},"192":{"start":{"line":193,"column":0},"end":{"line":193,"column":57}},"193":{"start":{"line":194,"column":0},"end":{"line":194,"column":73}},"194":{"start":{"line":195,"column":0},"end":{"line":195,"column":14}},"195":{"start":{"line":196,"column":0},"end":{"line":196,"column":3}},"196":{"start":{"line":197,"column":0},"end":{"line":197,"column":75}},"197":{"start":{"line":198,"column":0},"end":{"line":198,"column":1}},"202":{"start":{"line":203,"column":0},"end":{"line":203,"column":92}},"203":{"start":{"line":204,"column":0},"end":{"line":204,"column":73}},"204":{"start":{"line":205,"column":0},"end":{"line":205,"column":14}},"205":{"start":{"line":206,"column":0},"end":{"line":206,"column":3}},"207":{"start":{"line":208,"column":0},"end":{"line":208,"column":63}},"208":{"start":{"line":209,"column":0},"end":{"line":209,"column":61}},"210":{"start":{"line":211,"column":0},"end":{"line":211,"column":29}},"211":{"start":{"line":212,"column":0},"end":{"line":212,"column":34}},"212":{"start":{"line":213,"column":0},"end":{"line":213,"column":33}},"213":{"start":{"line":214,"column":0},"end":{"line":214,"column":22}},"214":{"start":{"line":215,"column":0},"end":{"line":215,"column":31}},"215":{"start":{"line":216,"column":0},"end":{"line":216,"column":37}},"216":{"start":{"line":217,"column":0},"end":{"line":217,"column":9}},"217":{"start":{"line":218,"column":0},"end":{"line":218,"column":5}},"218":{"start":{"line":219,"column":0},"end":{"line":219,"column":3}},"220":{"start":{"line":221,"column":0},"end":{"line":221,"column":19}},"221":{"start":{"line":222,"column":0},"end":{"line":222,"column":1}},"230":{"start":{"line":231,"column":0},"end":{"line":231,"column":70}},"231":{"start":{"line":232,"column":0},"end":{"line":232,"column":41}},"232":{"start":{"line":233,"column":0},"end":{"line":233,"column":30}},"233":{"start":{"line":234,"column":0},"end":{"line":234,"column":29}},"234":{"start":{"line":235,"column":0},"end":{"line":235,"column":33}},"235":{"start":{"line":236,"column":0},"end":{"line":236,"column":47}},"236":{"start":{"line":237,"column":0},"end":{"line":237,"column":6}},"237":{"start":{"line":238,"column":0},"end":{"line":238,"column":1}},"242":{"start":{"line":243,"column":0},"end":{"line":243,"column":68}},"243":{"start":{"line":244,"column":0},"end":{"line":244,"column":41}},"244":{"start":{"line":245,"column":0},"end":{"line":245,"column":30}},"245":{"start":{"line":246,"column":0},"end":{"line":246,"column":29}},"246":{"start":{"line":247,"column":0},"end":{"line":247,"column":47}},"247":{"start":{"line":248,"column":0},"end":{"line":248,"column":39}},"248":{"start":{"line":249,"column":0},"end":{"line":249,"column":45}},"249":{"start":{"line":250,"column":0},"end":{"line":250,"column":47}},"250":{"start":{"line":251,"column":0},"end":{"line":251,"column":49}},"251":{"start":{"line":252,"column":0},"end":{"line":252,"column":49}},"252":{"start":{"line":253,"column":0},"end":{"line":253,"column":39}},"253":{"start":{"line":254,"column":0},"end":{"line":254,"column":38}},"254":{"start":{"line":255,"column":0},"end":{"line":255,"column":49}},"255":{"start":{"line":256,"column":0},"end":{"line":256,"column":41}},"256":{"start":{"line":257,"column":0},"end":{"line":257,"column":40}},"257":{"start":{"line":258,"column":0},"end":{"line":258,"column":47}},"258":{"start":{"line":259,"column":0},"end":{"line":259,"column":49}},"259":{"start":{"line":260,"column":0},"end":{"line":260,"column":40}},"260":{"start":{"line":261,"column":0},"end":{"line":261,"column":45}},"261":{"start":{"line":262,"column":0},"end":{"line":262,"column":6}},"262":{"start":{"line":263,"column":0},"end":{"line":263,"column":1}},"267":{"start":{"line":268,"column":0},"end":{"line":268,"column":72}},"268":{"start":{"line":269,"column":0},"end":{"line":269,"column":37}},"269":{"start":{"line":270,"column":0},"end":{"line":270,"column":27}},"270":{"start":{"line":271,"column":0},"end":{"line":271,"column":1}},"275":{"start":{"line":276,"column":0},"end":{"line":276,"column":74}},"276":{"start":{"line":277,"column":0},"end":{"line":277,"column":41}},"277":{"start":{"line":278,"column":0},"end":{"line":278,"column":30}},"278":{"start":{"line":279,"column":0},"end":{"line":279,"column":29}},"279":{"start":{"line":280,"column":0},"end":{"line":280,"column":33}},"280":{"start":{"line":281,"column":0},"end":{"line":281,"column":6}},"281":{"start":{"line":282,"column":0},"end":{"line":282,"column":1}},"286":{"start":{"line":287,"column":0},"end":{"line":287,"column":68}},"287":{"start":{"line":288,"column":0},"end":{"line":288,"column":41}},"288":{"start":{"line":289,"column":0},"end":{"line":289,"column":30}},"289":{"start":{"line":290,"column":0},"end":{"line":290,"column":29}},"290":{"start":{"line":291,"column":0},"end":{"line":291,"column":51}},"291":{"start":{"line":292,"column":0},"end":{"line":292,"column":39}},"292":{"start":{"line":293,"column":0},"end":{"line":293,"column":43}},"293":{"start":{"line":294,"column":0},"end":{"line":294,"column":39}},"294":{"start":{"line":295,"column":0},"end":{"line":295,"column":41}},"295":{"start":{"line":296,"column":0},"end":{"line":296,"column":42}},"296":{"start":{"line":297,"column":0},"end":{"line":297,"column":48}},"297":{"start":{"line":298,"column":0},"end":{"line":298,"column":43}},"298":{"start":{"line":299,"column":0},"end":{"line":299,"column":47}},"299":{"start":{"line":300,"column":0},"end":{"line":300,"column":49}},"300":{"start":{"line":301,"column":0},"end":{"line":301,"column":46}},"301":{"start":{"line":302,"column":0},"end":{"line":302,"column":6}},"302":{"start":{"line":303,"column":0},"end":{"line":303,"column":1}},"307":{"start":{"line":308,"column":0},"end":{"line":308,"column":72}},"308":{"start":{"line":309,"column":0},"end":{"line":309,"column":37}},"309":{"start":{"line":310,"column":0},"end":{"line":310,"column":27}},"310":{"start":{"line":311,"column":0},"end":{"line":311,"column":1}},"315":{"start":{"line":316,"column":0},"end":{"line":316,"column":72}},"316":{"start":{"line":317,"column":0},"end":{"line":317,"column":41}},"317":{"start":{"line":318,"column":0},"end":{"line":318,"column":30}},"318":{"start":{"line":319,"column":0},"end":{"line":319,"column":29}},"319":{"start":{"line":320,"column":0},"end":{"line":320,"column":47}},"320":{"start":{"line":321,"column":0},"end":{"line":321,"column":43}},"321":{"start":{"line":322,"column":0},"end":{"line":322,"column":41}},"322":{"start":{"line":323,"column":0},"end":{"line":323,"column":45}},"323":{"start":{"line":324,"column":0},"end":{"line":324,"column":41}},"324":{"start":{"line":325,"column":0},"end":{"line":325,"column":39}},"325":{"start":{"line":326,"column":0},"end":{"line":326,"column":41}},"326":{"start":{"line":327,"column":0},"end":{"line":327,"column":45}},"327":{"start":{"line":328,"column":0},"end":{"line":328,"column":35}},"328":{"start":{"line":329,"column":0},"end":{"line":329,"column":35}},"329":{"start":{"line":330,"column":0},"end":{"line":330,"column":43}},"330":{"start":{"line":331,"column":0},"end":{"line":331,"column":43}},"331":{"start":{"line":332,"column":0},"end":{"line":332,"column":47}},"332":{"start":{"line":333,"column":0},"end":{"line":333,"column":45}},"333":{"start":{"line":334,"column":0},"end":{"line":334,"column":41}},"334":{"start":{"line":335,"column":0},"end":{"line":335,"column":43}},"335":{"start":{"line":336,"column":0},"end":{"line":336,"column":39}},"336":{"start":{"line":337,"column":0},"end":{"line":337,"column":47}},"337":{"start":{"line":338,"column":0},"end":{"line":338,"column":6}},"338":{"start":{"line":339,"column":0},"end":{"line":339,"column":1}},"343":{"start":{"line":344,"column":0},"end":{"line":344,"column":76}},"344":{"start":{"line":345,"column":0},"end":{"line":345,"column":41}},"345":{"start":{"line":346,"column":0},"end":{"line":346,"column":29}},"346":{"start":{"line":347,"column":0},"end":{"line":347,"column":1}},"351":{"start":{"line":352,"column":0},"end":{"line":352,"column":66}},"352":{"start":{"line":353,"column":0},"end":{"line":353,"column":41}},"353":{"start":{"line":354,"column":0},"end":{"line":354,"column":30}},"354":{"start":{"line":355,"column":0},"end":{"line":355,"column":29}},"355":{"start":{"line":356,"column":0},"end":{"line":356,"column":47}},"356":{"start":{"line":357,"column":0},"end":{"line":357,"column":33}},"357":{"start":{"line":358,"column":0},"end":{"line":358,"column":48}},"358":{"start":{"line":359,"column":0},"end":{"line":359,"column":39}},"359":{"start":{"line":360,"column":0},"end":{"line":360,"column":43}},"360":{"start":{"line":361,"column":0},"end":{"line":361,"column":51}},"361":{"start":{"line":362,"column":0},"end":{"line":362,"column":40}},"362":{"start":{"line":363,"column":0},"end":{"line":363,"column":47}},"363":{"start":{"line":364,"column":0},"end":{"line":364,"column":49}},"364":{"start":{"line":365,"column":0},"end":{"line":365,"column":6}},"365":{"start":{"line":366,"column":0},"end":{"line":366,"column":1}},"370":{"start":{"line":371,"column":0},"end":{"line":371,"column":70}},"371":{"start":{"line":372,"column":0},"end":{"line":372,"column":35}},"372":{"start":{"line":373,"column":0},"end":{"line":373,"column":26}},"373":{"start":{"line":374,"column":0},"end":{"line":374,"column":1}},"378":{"start":{"line":379,"column":0},"end":{"line":379,"column":66}},"379":{"start":{"line":380,"column":0},"end":{"line":380,"column":41}},"380":{"start":{"line":381,"column":0},"end":{"line":381,"column":30}},"381":{"start":{"line":382,"column":0},"end":{"line":382,"column":29}},"382":{"start":{"line":383,"column":0},"end":{"line":383,"column":47}},"383":{"start":{"line":384,"column":0},"end":{"line":384,"column":33}},"384":{"start":{"line":385,"column":0},"end":{"line":385,"column":47}},"385":{"start":{"line":386,"column":0},"end":{"line":386,"column":49}},"386":{"start":{"line":387,"column":0},"end":{"line":387,"column":39}},"387":{"start":{"line":388,"column":0},"end":{"line":388,"column":47}},"388":{"start":{"line":389,"column":0},"end":{"line":389,"column":49}},"389":{"start":{"line":390,"column":0},"end":{"line":390,"column":6}},"390":{"start":{"line":391,"column":0},"end":{"line":391,"column":1}},"395":{"start":{"line":396,"column":0},"end":{"line":396,"column":70}},"396":{"start":{"line":397,"column":0},"end":{"line":397,"column":35}},"397":{"start":{"line":398,"column":0},"end":{"line":398,"column":26}},"398":{"start":{"line":399,"column":0},"end":{"line":399,"column":1}},"403":{"start":{"line":404,"column":0},"end":{"line":404,"column":52}},"404":{"start":{"line":405,"column":0},"end":{"line":405,"column":32}},"405":{"start":{"line":406,"column":0},"end":{"line":406,"column":36}},"406":{"start":{"line":407,"column":0},"end":{"line":407,"column":30}},"407":{"start":{"line":408,"column":0},"end":{"line":408,"column":1}}},"s":{"0":1,"120":19,"121":19,"122":3,"123":3,"125":16,"126":16,"128":19,"129":17,"130":17,"132":17,"133":58,"134":58,"135":58,"136":58,"137":58,"139":17,"140":17,"141":17,"142":17,"144":16,"145":16,"150":20,"151":20,"152":0,"153":0,"154":20,"155":20,"156":20,"161":11,"162":11,"163":11,"164":11,"165":0,"166":11,"167":11,"172":16,"173":16,"174":11,"175":11,"176":5,"177":5,"182":123,"183":123,"184":97,"185":97,"186":26,"187":26,"192":6,"193":6,"194":4,"195":4,"196":2,"197":2,"202":3,"203":3,"204":2,"205":2,"207":1,"208":1,"210":3,"211":2,"212":2,"213":2,"214":2,"215":2,"216":2,"217":2,"218":2,"220":1,"221":1,"230":1,"231":4,"232":4,"233":3,"234":3,"235":3,"236":4,"237":4,"242":1,"243":5,"244":5,"245":4,"246":4,"247":4,"248":4,"249":4,"250":4,"251":4,"252":4,"253":4,"254":4,"255":4,"256":4,"257":4,"258":4,"259":4,"260":4,"261":5,"262":5,"267":1,"268":2,"269":2,"270":2,"275":1,"276":1,"277":1,"278":1,"279":1,"280":1,"281":1,"286":1,"287":3,"288":3,"289":3,"290":3,"291":3,"292":3,"293":3,"294":3,"295":3,"296":3,"297":3,"298":3,"299":3,"300":3,"301":3,"302":3,"307":1,"308":1,"309":1,"310":1,"315":1,"316":2,"317":2,"318":2,"319":2,"320":2,"321":2,"322":2,"323":2,"324":2,"325":2,"326":2,"327":2,"328":2,"329":2,"330":2,"331":2,"332":2,"333":2,"334":2,"335":2,"336":2,"337":2,"338":2,"343":1,"344":1,"345":1,"346":1,"351":1,"352":2,"353":2,"354":2,"355":2,"356":2,"357":2,"358":2,"359":2,"360":2,"361":2,"362":2,"363":2,"364":2,"365":2,"370":1,"371":1,"372":1,"373":1,"378":1,"379":2,"380":2,"381":2,"382":2,"383":2,"384":2,"385":2,"386":2,"387":2,"388":2,"389":2,"390":2,"395":1,"396":1,"397":1,"398":1,"403":1,"404":4,"405":4,"406":4,"407":4},"branchMap":{"0":{"type":"branch","line":121,"loc":{"start":{"line":121,"column":0},"end":{"line":146,"column":1}},"locations":[{"start":{"line":121,"column":0},"end":{"line":146,"column":1}}]},"1":{"type":"branch","line":122,"loc":{"start":{"line":122,"column":34},"end":{"line":124,"column":3}},"locations":[{"start":{"line":122,"column":34},"end":{"line":124,"column":3}}]},"2":{"type":"branch","line":124,"loc":{"start":{"line":124,"column":2},"end":{"line":129,"column":41}},"locations":[{"start":{"line":124,"column":2},"end":{"line":129,"column":41}}]},"3":{"type":"branch","line":129,"loc":{"start":{"line":129,"column":41},"end":{"line":143,"column":3}},"locations":[{"start":{"line":129,"column":41},"end":{"line":143,"column":3}}]},"4":{"type":"branch","line":133,"loc":{"start":{"line":133,"column":41},"end":{"line":138,"column":5}},"locations":[{"start":{"line":133,"column":41},"end":{"line":138,"column":5}}]},"5":{"type":"branch","line":143,"loc":{"start":{"line":143,"column":2},"end":{"line":146,"column":1}},"locations":[{"start":{"line":143,"column":2},"end":{"line":146,"column":1}}]},"6":{"type":"branch","line":127,"loc":{"start":{"line":127,"column":63},"end":{"line":127,"column":82}},"locations":[{"start":{"line":127,"column":63},"end":{"line":127,"column":82}}]},"7":{"type":"branch","line":151,"loc":{"start":{"line":151,"column":0},"end":{"line":157,"column":1}},"locations":[{"start":{"line":151,"column":0},"end":{"line":157,"column":1}}]},"8":{"type":"branch","line":152,"loc":{"start":{"line":152,"column":72},"end":{"line":154,"column":3}},"locations":[{"start":{"line":152,"column":72},"end":{"line":154,"column":3}}]},"9":{"type":"branch","line":156,"loc":{"start":{"line":156,"column":18},"end":{"line":156,"column":26}},"locations":[{"start":{"line":156,"column":18},"end":{"line":156,"column":26}}]},"10":{"type":"branch","line":162,"loc":{"start":{"line":162,"column":0},"end":{"line":168,"column":1}},"locations":[{"start":{"line":162,"column":0},"end":{"line":168,"column":1}}]},"11":{"type":"branch","line":163,"loc":{"start":{"line":163,"column":16},"end":{"line":163,"column":45}},"locations":[{"start":{"line":163,"column":16},"end":{"line":163,"column":45}}]},"12":{"type":"branch","line":163,"loc":{"start":{"line":163,"column":39},"end":{"line":163,"column":72}},"locations":[{"start":{"line":163,"column":39},"end":{"line":163,"column":72}}]},"13":{"type":"branch","line":165,"loc":{"start":{"line":165,"column":2},"end":{"line":167,"column":29}},"locations":[{"start":{"line":165,"column":2},"end":{"line":167,"column":29}}]},"14":{"type":"branch","line":167,"loc":{"start":{"line":167,"column":22},"end":{"line":167,"column":33}},"locations":[{"start":{"line":167,"column":22},"end":{"line":167,"column":33}}]},"15":{"type":"branch","line":173,"loc":{"start":{"line":173,"column":0},"end":{"line":178,"column":1}},"locations":[{"start":{"line":173,"column":0},"end":{"line":178,"column":1}}]},"16":{"type":"branch","line":174,"loc":{"start":{"line":174,"column":27},"end":{"line":176,"column":3}},"locations":[{"start":{"line":174,"column":27},"end":{"line":176,"column":3}}]},"17":{"type":"branch","line":176,"loc":{"start":{"line":176,"column":2},"end":{"line":178,"column":1}},"locations":[{"start":{"line":176,"column":2},"end":{"line":178,"column":1}}]},"18":{"type":"branch","line":183,"loc":{"start":{"line":183,"column":0},"end":{"line":188,"column":1}},"locations":[{"start":{"line":183,"column":0},"end":{"line":188,"column":1}}]},"19":{"type":"branch","line":184,"loc":{"start":{"line":184,"column":16},"end":{"line":184,"column":45}},"locations":[{"start":{"line":184,"column":16},"end":{"line":184,"column":45}}]},"20":{"type":"branch","line":184,"loc":{"start":{"line":184,"column":39},"end":{"line":184,"column":72}},"locations":[{"start":{"line":184,"column":39},"end":{"line":184,"column":72}}]},"21":{"type":"branch","line":184,"loc":{"start":{"line":184,"column":72},"end":{"line":186,"column":3}},"locations":[{"start":{"line":184,"column":72},"end":{"line":186,"column":3}}]},"22":{"type":"branch","line":186,"loc":{"start":{"line":186,"column":2},"end":{"line":188,"column":1}},"locations":[{"start":{"line":186,"column":2},"end":{"line":188,"column":1}}]},"23":{"type":"branch","line":193,"loc":{"start":{"line":193,"column":0},"end":{"line":198,"column":1}},"locations":[{"start":{"line":193,"column":0},"end":{"line":198,"column":1}}]},"24":{"type":"branch","line":194,"loc":{"start":{"line":194,"column":16},"end":{"line":194,"column":45}},"locations":[{"start":{"line":194,"column":16},"end":{"line":194,"column":45}}]},"25":{"type":"branch","line":194,"loc":{"start":{"line":194,"column":39},"end":{"line":194,"column":72}},"locations":[{"start":{"line":194,"column":39},"end":{"line":194,"column":72}}]},"26":{"type":"branch","line":194,"loc":{"start":{"line":194,"column":72},"end":{"line":196,"column":3}},"locations":[{"start":{"line":194,"column":72},"end":{"line":196,"column":3}}]},"27":{"type":"branch","line":196,"loc":{"start":{"line":196,"column":2},"end":{"line":198,"column":1}},"locations":[{"start":{"line":196,"column":2},"end":{"line":198,"column":1}}]},"28":{"type":"branch","line":197,"loc":{"start":{"line":197,"column":33},"end":{"line":197,"column":52}},"locations":[{"start":{"line":197,"column":33},"end":{"line":197,"column":52}}]},"29":{"type":"branch","line":197,"loc":{"start":{"line":197,"column":58},"end":{"line":197,"column":73}},"locations":[{"start":{"line":197,"column":58},"end":{"line":197,"column":73}}]},"30":{"type":"branch","line":203,"loc":{"start":{"line":203,"column":0},"end":{"line":222,"column":1}},"locations":[{"start":{"line":203,"column":0},"end":{"line":222,"column":1}}]},"31":{"type":"branch","line":204,"loc":{"start":{"line":204,"column":16},"end":{"line":204,"column":45}},"locations":[{"start":{"line":204,"column":16},"end":{"line":204,"column":45}}]},"32":{"type":"branch","line":204,"loc":{"start":{"line":204,"column":39},"end":{"line":204,"column":72}},"locations":[{"start":{"line":204,"column":39},"end":{"line":204,"column":72}}]},"33":{"type":"branch","line":204,"loc":{"start":{"line":204,"column":72},"end":{"line":206,"column":3}},"locations":[{"start":{"line":204,"column":72},"end":{"line":206,"column":3}}]},"34":{"type":"branch","line":206,"loc":{"start":{"line":206,"column":2},"end":{"line":211,"column":28}},"locations":[{"start":{"line":206,"column":2},"end":{"line":211,"column":28}}]},"35":{"type":"branch","line":211,"loc":{"start":{"line":211,"column":28},"end":{"line":219,"column":3}},"locations":[{"start":{"line":211,"column":28},"end":{"line":219,"column":3}}]},"36":{"type":"branch","line":216,"loc":{"start":{"line":216,"column":29},"end":{"line":216,"column":37}},"locations":[{"start":{"line":216,"column":29},"end":{"line":216,"column":37}}]},"37":{"type":"branch","line":219,"loc":{"start":{"line":219,"column":2},"end":{"line":222,"column":1}},"locations":[{"start":{"line":219,"column":2},"end":{"line":222,"column":1}}]},"38":{"type":"branch","line":209,"loc":{"start":{"line":209,"column":40},"end":{"line":209,"column":59}},"locations":[{"start":{"line":209,"column":40},"end":{"line":209,"column":59}}]},"39":{"type":"branch","line":231,"loc":{"start":{"line":231,"column":7},"end":{"line":238,"column":1}},"locations":[{"start":{"line":231,"column":7},"end":{"line":238,"column":1}}]},"40":{"type":"branch","line":233,"loc":{"start":{"line":233,"column":21},"end":{"line":237,"column":4}},"locations":[{"start":{"line":233,"column":21},"end":{"line":237,"column":4}}]},"41":{"type":"branch","line":243,"loc":{"start":{"line":243,"column":7},"end":{"line":263,"column":1}},"locations":[{"start":{"line":243,"column":7},"end":{"line":263,"column":1}}]},"42":{"type":"branch","line":245,"loc":{"start":{"line":245,"column":21},"end":{"line":262,"column":4}},"locations":[{"start":{"line":245,"column":21},"end":{"line":262,"column":4}}]},"43":{"type":"branch","line":257,"loc":{"start":{"line":257,"column":26},"end":{"line":257,"column":40}},"locations":[{"start":{"line":257,"column":26},"end":{"line":257,"column":40}}]},"44":{"type":"branch","line":268,"loc":{"start":{"line":268,"column":7},"end":{"line":271,"column":1}},"locations":[{"start":{"line":268,"column":7},"end":{"line":271,"column":1}}]},"45":{"type":"branch","line":270,"loc":{"start":{"line":270,"column":17},"end":{"line":270,"column":27}},"locations":[{"start":{"line":270,"column":17},"end":{"line":270,"column":27}}]},"46":{"type":"branch","line":276,"loc":{"start":{"line":276,"column":7},"end":{"line":282,"column":1}},"locations":[{"start":{"line":276,"column":7},"end":{"line":282,"column":1}}]},"47":{"type":"branch","line":278,"loc":{"start":{"line":278,"column":21},"end":{"line":281,"column":4}},"locations":[{"start":{"line":278,"column":21},"end":{"line":281,"column":4}}]},"48":{"type":"branch","line":287,"loc":{"start":{"line":287,"column":7},"end":{"line":303,"column":1}},"locations":[{"start":{"line":287,"column":7},"end":{"line":303,"column":1}}]},"49":{"type":"branch","line":289,"loc":{"start":{"line":289,"column":21},"end":{"line":302,"column":4}},"locations":[{"start":{"line":289,"column":21},"end":{"line":302,"column":4}}]},"50":{"type":"branch","line":308,"loc":{"start":{"line":308,"column":7},"end":{"line":311,"column":1}},"locations":[{"start":{"line":308,"column":7},"end":{"line":311,"column":1}}]},"51":{"type":"branch","line":310,"loc":{"start":{"line":310,"column":17},"end":{"line":310,"column":27}},"locations":[{"start":{"line":310,"column":17},"end":{"line":310,"column":27}}]},"52":{"type":"branch","line":316,"loc":{"start":{"line":316,"column":7},"end":{"line":339,"column":1}},"locations":[{"start":{"line":316,"column":7},"end":{"line":339,"column":1}}]},"53":{"type":"branch","line":318,"loc":{"start":{"line":318,"column":21},"end":{"line":338,"column":4}},"locations":[{"start":{"line":318,"column":21},"end":{"line":338,"column":4}}]},"54":{"type":"branch","line":344,"loc":{"start":{"line":344,"column":7},"end":{"line":347,"column":1}},"locations":[{"start":{"line":344,"column":7},"end":{"line":347,"column":1}}]},"55":{"type":"branch","line":346,"loc":{"start":{"line":346,"column":19},"end":{"line":346,"column":29}},"locations":[{"start":{"line":346,"column":19},"end":{"line":346,"column":29}}]},"56":{"type":"branch","line":352,"loc":{"start":{"line":352,"column":7},"end":{"line":366,"column":1}},"locations":[{"start":{"line":352,"column":7},"end":{"line":366,"column":1}}]},"57":{"type":"branch","line":354,"loc":{"start":{"line":354,"column":21},"end":{"line":365,"column":4}},"locations":[{"start":{"line":354,"column":21},"end":{"line":365,"column":4}}]},"58":{"type":"branch","line":362,"loc":{"start":{"line":362,"column":26},"end":{"line":362,"column":40}},"locations":[{"start":{"line":362,"column":26},"end":{"line":362,"column":40}}]},"59":{"type":"branch","line":371,"loc":{"start":{"line":371,"column":7},"end":{"line":374,"column":1}},"locations":[{"start":{"line":371,"column":7},"end":{"line":374,"column":1}}]},"60":{"type":"branch","line":373,"loc":{"start":{"line":373,"column":16},"end":{"line":373,"column":26}},"locations":[{"start":{"line":373,"column":16},"end":{"line":373,"column":26}}]},"61":{"type":"branch","line":379,"loc":{"start":{"line":379,"column":7},"end":{"line":391,"column":1}},"locations":[{"start":{"line":379,"column":7},"end":{"line":391,"column":1}}]},"62":{"type":"branch","line":381,"loc":{"start":{"line":381,"column":21},"end":{"line":390,"column":4}},"locations":[{"start":{"line":381,"column":21},"end":{"line":390,"column":4}}]},"63":{"type":"branch","line":396,"loc":{"start":{"line":396,"column":7},"end":{"line":399,"column":1}},"locations":[{"start":{"line":396,"column":7},"end":{"line":399,"column":1}}]},"64":{"type":"branch","line":398,"loc":{"start":{"line":398,"column":16},"end":{"line":398,"column":26}},"locations":[{"start":{"line":398,"column":16},"end":{"line":398,"column":26}}]},"65":{"type":"branch","line":404,"loc":{"start":{"line":404,"column":7},"end":{"line":408,"column":1}},"locations":[{"start":{"line":404,"column":7},"end":{"line":408,"column":1}}]},"66":{"type":"branch","line":407,"loc":{"start":{"line":407,"column":18},"end":{"line":407,"column":26}},"locations":[{"start":{"line":407,"column":18},"end":{"line":407,"column":26}}]},"67":{"type":"branch","line":407,"loc":{"start":{"line":407,"column":22},"end":{"line":407,"column":30}},"locations":[{"start":{"line":407,"column":22},"end":{"line":407,"column":30}}]}},"b":{"0":[19],"1":[3],"2":[16],"3":[17],"4":[58],"5":[16],"6":[33],"7":[20],"8":[0],"9":[0],"10":[11],"11":[0],"12":[0],"13":[0],"14":[0],"15":[16],"16":[11],"17":[5],"18":[123],"19":[28],"20":[27],"21":[97],"22":[26],"23":[6],"24":[2],"25":[2],"26":[4],"27":[2],"28":[5],"29":[5],"30":[3],"31":[1],"32":[1],"33":[2],"34":[1],"35":[2],"36":[0],"37":[1],"38":[2],"39":[4],"40":[3],"41":[5],"42":[4],"43":[3],"44":[2],"45":[1],"46":[1],"47":[1],"48":[3],"49":[3],"50":[1],"51":[0],"52":[2],"53":[2],"54":[1],"55":[0],"56":[2],"57":[2],"58":[1],"59":[1],"60":[0],"61":[2],"62":[2],"63":[1],"64":[0],"65":[4],"66":[2],"67":[2]},"fnMap":{"0":{"name":"parseRawOutput","decl":{"start":{"line":121,"column":0},"end":{"line":146,"column":1}},"loc":{"start":{"line":121,"column":0},"end":{"line":146,"column":1}},"line":121},"1":{"name":"parseNumber","decl":{"start":{"line":151,"column":0},"end":{"line":157,"column":1}},"loc":{"start":{"line":151,"column":0},"end":{"line":157,"column":1}},"line":151},"2":{"name":"parseNumberOrNull","decl":{"start":{"line":162,"column":0},"end":{"line":168,"column":1}},"loc":{"start":{"line":162,"column":0},"end":{"line":168,"column":1}},"line":162},"3":{"name":"parseBoolean","decl":{"start":{"line":173,"column":0},"end":{"line":178,"column":1}},"loc":{"start":{"line":173,"column":0},"end":{"line":178,"column":1}},"line":173},"4":{"name":"parseString","decl":{"start":{"line":183,"column":0},"end":{"line":188,"column":1}},"loc":{"start":{"line":183,"column":0},"end":{"line":188,"column":1}},"line":183},"5":{"name":"parseList","decl":{"start":{"line":193,"column":0},"end":{"line":198,"column":1}},"loc":{"start":{"line":193,"column":0},"end":{"line":198,"column":1}},"line":193},"6":{"name":"parseAttendees","decl":{"start":{"line":203,"column":0},"end":{"line":222,"column":1}},"loc":{"start":{"line":203,"column":0},"end":{"line":222,"column":1}},"line":203},"7":{"name":"parseFolders","decl":{"start":{"line":231,"column":7},"end":{"line":238,"column":1}},"loc":{"start":{"line":231,"column":7},"end":{"line":238,"column":1}},"line":231},"8":{"name":"parseEmails","decl":{"start":{"line":243,"column":7},"end":{"line":263,"column":1}},"loc":{"start":{"line":243,"column":7},"end":{"line":263,"column":1}},"line":243},"9":{"name":"parseEmail","decl":{"start":{"line":268,"column":7},"end":{"line":271,"column":1}},"loc":{"start":{"line":268,"column":7},"end":{"line":271,"column":1}},"line":268},"10":{"name":"parseCalendars","decl":{"start":{"line":276,"column":7},"end":{"line":282,"column":1}},"loc":{"start":{"line":276,"column":7},"end":{"line":282,"column":1}},"line":276},"11":{"name":"parseEvents","decl":{"start":{"line":287,"column":7},"end":{"line":303,"column":1}},"loc":{"start":{"line":287,"column":7},"end":{"line":303,"column":1}},"line":287},"12":{"name":"parseEvent","decl":{"start":{"line":308,"column":7},"end":{"line":311,"column":1}},"loc":{"start":{"line":308,"column":7},"end":{"line":311,"column":1}},"line":308},"13":{"name":"parseContacts","decl":{"start":{"line":316,"column":7},"end":{"line":339,"column":1}},"loc":{"start":{"line":316,"column":7},"end":{"line":339,"column":1}},"line":316},"14":{"name":"parseContact","decl":{"start":{"line":344,"column":7},"end":{"line":347,"column":1}},"loc":{"start":{"line":344,"column":7},"end":{"line":347,"column":1}},"line":344},"15":{"name":"parseTasks","decl":{"start":{"line":352,"column":7},"end":{"line":366,"column":1}},"loc":{"start":{"line":352,"column":7},"end":{"line":366,"column":1}},"line":352},"16":{"name":"parseTask","decl":{"start":{"line":371,"column":7},"end":{"line":374,"column":1}},"loc":{"start":{"line":371,"column":7},"end":{"line":374,"column":1}},"line":371},"17":{"name":"parseNotes","decl":{"start":{"line":379,"column":7},"end":{"line":391,"column":1}},"loc":{"start":{"line":379,"column":7},"end":{"line":391,"column":1}},"line":379},"18":{"name":"parseNote","decl":{"start":{"line":396,"column":7},"end":{"line":399,"column":1}},"loc":{"start":{"line":396,"column":7},"end":{"line":399,"column":1}},"line":396},"19":{"name":"parseCount","decl":{"start":{"line":404,"column":7},"end":{"line":408,"column":1}},"loc":{"start":{"line":404,"column":7},"end":{"line":408,"column":1}},"line":404}},"f":{"0":19,"1":20,"2":11,"3":16,"4":123,"5":6,"6":3,"7":4,"8":5,"9":2,"10":1,"11":3,"12":1,"13":2,"14":1,"15":2,"16":1,"17":2,"18":1,"19":4}}
,"/Users/joel.castillo.cq/conductor/workspaces/outlook-mac-mcp/salem/src/applescript/repository.ts": {"path":"/Users/joel.castillo.cq/conductor/workspaces/outlook-mac-mcp/salem/src/applescript/repository.ts","all":false,"statementMap":{"0":{"start":{"line":1,"column":0},"end":{"line":1,"column":3}},"35":{"start":{"line":36,"column":0},"end":{"line":36,"column":53}},"36":{"start":{"line":37,"column":0},"end":{"line":37,"column":35}},"37":{"start":{"line":38,"column":0},"end":{"line":38,"column":16}},"38":{"start":{"line":39,"column":0},"end":{"line":39,"column":15}},"39":{"start":{"line":40,"column":0},"end":{"line":40,"column":15}},"40":{"start":{"line":41,"column":0},"end":{"line":41,"column":16}},"41":{"start":{"line":42,"column":0},"end":{"line":42,"column":12}},"42":{"start":{"line":43,"column":0},"end":{"line":43,"column":15}},"43":{"start":{"line":44,"column":0},"end":{"line":44,"column":3}},"44":{"start":{"line":45,"column":0},"end":{"line":45,"column":1}},"53":{"start":{"line":54,"column":0},"end":{"line":54,"column":72}},"54":{"start":{"line":55,"column":0},"end":{"line":55,"column":10}},"55":{"start":{"line":56,"column":0},"end":{"line":56,"column":20}},"56":{"start":{"line":57,"column":0},"end":{"line":57,"column":24}},"57":{"start":{"line":58,"column":0},"end":{"line":58,"column":69}},"58":{"start":{"line":59,"column":0},"end":{"line":59,"column":19}},"59":{"start":{"line":60,"column":0},"end":{"line":60,"column":33}},"60":{"start":{"line":61,"column":0},"end":{"line":61,"column":36}},"61":{"start":{"line":62,"column":0},"end":{"line":62,"column":62}},"62":{"start":{"line":63,"column":0},"end":{"line":63,"column":38}},"63":{"start":{"line":64,"column":0},"end":{"line":64,"column":4}},"64":{"start":{"line":65,"column":0},"end":{"line":65,"column":1}},"69":{"start":{"line":70,"column":0},"end":{"line":70,"column":79}},"70":{"start":{"line":71,"column":0},"end":{"line":71,"column":10}},"71":{"start":{"line":72,"column":0},"end":{"line":72,"column":17}},"72":{"start":{"line":73,"column":0},"end":{"line":73,"column":21}},"73":{"start":{"line":74,"column":0},"end":{"line":74,"column":19}},"74":{"start":{"line":75,"column":0},"end":{"line":75,"column":19}},"75":{"start":{"line":76,"column":0},"end":{"line":76,"column":37}},"76":{"start":{"line":77,"column":0},"end":{"line":77,"column":17}},"77":{"start":{"line":78,"column":0},"end":{"line":78,"column":20}},"78":{"start":{"line":79,"column":0},"end":{"line":79,"column":19}},"79":{"start":{"line":80,"column":0},"end":{"line":80,"column":4}},"80":{"start":{"line":81,"column":0},"end":{"line":81,"column":1}},"85":{"start":{"line":86,"column":0},"end":{"line":86,"column":68}},"86":{"start":{"line":87,"column":0},"end":{"line":87,"column":10}},"87":{"start":{"line":88,"column":0},"end":{"line":88,"column":19}},"88":{"start":{"line":89,"column":0},"end":{"line":89,"column":36}},"89":{"start":{"line":90,"column":0},"end":{"line":90,"column":29}},"90":{"start":{"line":91,"column":0},"end":{"line":91,"column":31}},"91":{"start":{"line":92,"column":0},"end":{"line":92,"column":39}},"92":{"start":{"line":93,"column":0},"end":{"line":93,"column":37}},"93":{"start":{"line":94,"column":0},"end":{"line":94,"column":36}},"94":{"start":{"line":95,"column":0},"end":{"line":95,"column":38}},"95":{"start":{"line":96,"column":0},"end":{"line":96,"column":38}},"96":{"start":{"line":97,"column":0},"end":{"line":97,"column":29}},"97":{"start":{"line":98,"column":0},"end":{"line":98,"column":35}},"98":{"start":{"line":99,"column":0},"end":{"line":99,"column":60}},"99":{"start":{"line":100,"column":0},"end":{"line":100,"column":52}},"100":{"start":{"line":101,"column":0},"end":{"line":101,"column":58}},"101":{"start":{"line":102,"column":0},"end":{"line":102,"column":12}},"102":{"start":{"line":103,"column":0},"end":{"line":103,"column":49}},"103":{"start":{"line":104,"column":0},"end":{"line":104,"column":18}},"104":{"start":{"line":105,"column":0},"end":{"line":105,"column":21}},"105":{"start":{"line":106,"column":0},"end":{"line":106,"column":20}},"106":{"start":{"line":107,"column":0},"end":{"line":107,"column":25}},"107":{"start":{"line":108,"column":0},"end":{"line":108,"column":93}},"108":{"start":{"line":109,"column":0},"end":{"line":109,"column":4}},"109":{"start":{"line":110,"column":0},"end":{"line":110,"column":1}},"114":{"start":{"line":115,"column":0},"end":{"line":115,"column":68}},"115":{"start":{"line":116,"column":0},"end":{"line":116,"column":10}},"116":{"start":{"line":117,"column":0},"end":{"line":117,"column":19}},"117":{"start":{"line":118,"column":0},"end":{"line":118,"column":38}},"118":{"start":{"line":119,"column":0},"end":{"line":119,"column":54}},"119":{"start":{"line":120,"column":0},"end":{"line":120,"column":50}},"120":{"start":{"line":121,"column":0},"end":{"line":121,"column":45}},"121":{"start":{"line":122,"column":0},"end":{"line":122,"column":19}},"122":{"start":{"line":123,"column":0},"end":{"line":123,"column":44}},"123":{"start":{"line":124,"column":0},"end":{"line":124,"column":14}},"124":{"start":{"line":125,"column":0},"end":{"line":125,"column":25}},"125":{"start":{"line":126,"column":0},"end":{"line":126,"column":23}},"126":{"start":{"line":127,"column":0},"end":{"line":127,"column":46}},"127":{"start":{"line":128,"column":0},"end":{"line":128,"column":4}},"128":{"start":{"line":129,"column":0},"end":{"line":129,"column":1}},"133":{"start":{"line":134,"column":0},"end":{"line":134,"column":76}},"134":{"start":{"line":135,"column":0},"end":{"line":135,"column":10}},"135":{"start":{"line":136,"column":0},"end":{"line":136,"column":21}},"136":{"start":{"line":137,"column":0},"end":{"line":137,"column":16}},"137":{"start":{"line":138,"column":0},"end":{"line":138,"column":39}},"138":{"start":{"line":139,"column":0},"end":{"line":139,"column":58}},"139":{"start":{"line":140,"column":0},"end":{"line":140,"column":22}},"140":{"start":{"line":141,"column":0},"end":{"line":141,"column":50}},"141":{"start":{"line":142,"column":0},"end":{"line":142,"column":4}},"142":{"start":{"line":143,"column":0},"end":{"line":143,"column":1}},"147":{"start":{"line":148,"column":0},"end":{"line":148,"column":64}},"148":{"start":{"line":149,"column":0},"end":{"line":149,"column":10}},"149":{"start":{"line":150,"column":0},"end":{"line":150,"column":18}},"150":{"start":{"line":151,"column":0},"end":{"line":151,"column":35}},"151":{"start":{"line":152,"column":0},"end":{"line":152,"column":22}},"152":{"start":{"line":153,"column":0},"end":{"line":153,"column":44}},"153":{"start":{"line":154,"column":0},"end":{"line":154,"column":49}},"154":{"start":{"line":155,"column":0},"end":{"line":155,"column":53}},"155":{"start":{"line":156,"column":0},"end":{"line":156,"column":48}},"156":{"start":{"line":157,"column":0},"end":{"line":157,"column":22}},"157":{"start":{"line":158,"column":0},"end":{"line":158,"column":44}},"158":{"start":{"line":159,"column":0},"end":{"line":159,"column":4}},"159":{"start":{"line":160,"column":0},"end":{"line":160,"column":1}},"164":{"start":{"line":165,"column":0},"end":{"line":165,"column":64}},"165":{"start":{"line":166,"column":0},"end":{"line":166,"column":10}},"166":{"start":{"line":167,"column":0},"end":{"line":167,"column":18}},"167":{"start":{"line":168,"column":0},"end":{"line":168,"column":35}},"168":{"start":{"line":169,"column":0},"end":{"line":169,"column":59}},"169":{"start":{"line":170,"column":0},"end":{"line":170,"column":44}},"170":{"start":{"line":171,"column":0},"end":{"line":171,"column":4}},"171":{"start":{"line":172,"column":0},"end":{"line":172,"column":1}},"183":{"start":{"line":184,"column":0},"end":{"line":184,"column":59}},"185":{"start":{"line":186,"column":0},"end":{"line":186,"column":58}},"186":{"start":{"line":187,"column":0},"end":{"line":187,"column":40}},"187":{"start":{"line":188,"column":0},"end":{"line":188,"column":54}},"193":{"start":{"line":194,"column":0},"end":{"line":194,"column":30}},"194":{"start":{"line":195,"column":0},"end":{"line":195,"column":72}},"195":{"start":{"line":196,"column":0},"end":{"line":196,"column":65}},"198":{"start":{"line":199,"column":0},"end":{"line":199,"column":29}},"199":{"start":{"line":200,"column":0},"end":{"line":200,"column":35}},"200":{"start":{"line":201,"column":0},"end":{"line":201,"column":46}},"201":{"start":{"line":202,"column":0},"end":{"line":202,"column":5}},"202":{"start":{"line":203,"column":0},"end":{"line":203,"column":60}},"204":{"start":{"line":205,"column":0},"end":{"line":205,"column":19}},"205":{"start":{"line":206,"column":0},"end":{"line":206,"column":3}},"207":{"start":{"line":208,"column":0},"end":{"line":208,"column":48}},"209":{"start":{"line":210,"column":0},"end":{"line":210,"column":46}},"210":{"start":{"line":211,"column":0},"end":{"line":211,"column":46}},"211":{"start":{"line":212,"column":0},"end":{"line":212,"column":27}},"212":{"start":{"line":213,"column":0},"end":{"line":213,"column":22}},"213":{"start":{"line":214,"column":0},"end":{"line":214,"column":7}},"214":{"start":{"line":215,"column":0},"end":{"line":215,"column":5}},"217":{"start":{"line":218,"column":0},"end":{"line":218,"column":39}},"218":{"start":{"line":219,"column":0},"end":{"line":219,"column":44}},"219":{"start":{"line":220,"column":0},"end":{"line":220,"column":3}},"225":{"start":{"line":226,"column":0},"end":{"line":226,"column":75}},"226":{"start":{"line":227,"column":0},"end":{"line":227,"column":72}},"227":{"start":{"line":228,"column":0},"end":{"line":228,"column":53}},"228":{"start":{"line":229,"column":0},"end":{"line":229,"column":54}},"229":{"start":{"line":230,"column":0},"end":{"line":230,"column":3}},"231":{"start":{"line":232,"column":0},"end":{"line":232,"column":81}},"232":{"start":{"line":233,"column":0},"end":{"line":233,"column":71}},"233":{"start":{"line":234,"column":0},"end":{"line":234,"column":53}},"234":{"start":{"line":235,"column":0},"end":{"line":235,"column":54}},"235":{"start":{"line":236,"column":0},"end":{"line":236,"column":3}},"237":{"start":{"line":238,"column":0},"end":{"line":238,"column":58}},"238":{"start":{"line":239,"column":0},"end":{"line":239,"column":62}},"239":{"start":{"line":240,"column":0},"end":{"line":240,"column":53}},"240":{"start":{"line":241,"column":0},"end":{"line":241,"column":54}},"241":{"start":{"line":242,"column":0},"end":{"line":242,"column":3}},"243":{"start":{"line":244,"column":0},"end":{"line":244,"column":84}},"244":{"start":{"line":245,"column":0},"end":{"line":245,"column":66}},"245":{"start":{"line":246,"column":0},"end":{"line":246,"column":53}},"246":{"start":{"line":247,"column":0},"end":{"line":247,"column":54}},"247":{"start":{"line":248,"column":0},"end":{"line":248,"column":3}},"249":{"start":{"line":250,"column":0},"end":{"line":250,"column":46}},"250":{"start":{"line":251,"column":0},"end":{"line":251,"column":9}},"251":{"start":{"line":252,"column":0},"end":{"line":252,"column":44}},"252":{"start":{"line":253,"column":0},"end":{"line":253,"column":55}},"253":{"start":{"line":254,"column":0},"end":{"line":254,"column":46}},"254":{"start":{"line":255,"column":0},"end":{"line":255,"column":59}},"255":{"start":{"line":256,"column":0},"end":{"line":256,"column":13}},"256":{"start":{"line":257,"column":0},"end":{"line":257,"column":23}},"257":{"start":{"line":258,"column":0},"end":{"line":258,"column":5}},"258":{"start":{"line":259,"column":0},"end":{"line":259,"column":3}},"260":{"start":{"line":261,"column":0},"end":{"line":261,"column":28}},"262":{"start":{"line":263,"column":0},"end":{"line":263,"column":39}},"263":{"start":{"line":264,"column":0},"end":{"line":264,"column":62}},"264":{"start":{"line":265,"column":0},"end":{"line":265,"column":3}},"266":{"start":{"line":267,"column":0},"end":{"line":267,"column":52}},"267":{"start":{"line":268,"column":0},"end":{"line":268,"column":9}},"268":{"start":{"line":269,"column":0},"end":{"line":269,"column":54}},"269":{"start":{"line":270,"column":0},"end":{"line":270,"column":55}},"270":{"start":{"line":271,"column":0},"end":{"line":271,"column":39}},"271":{"start":{"line":272,"column":0},"end":{"line":272,"column":13}},"272":{"start":{"line":273,"column":0},"end":{"line":273,"column":15}},"273":{"start":{"line":274,"column":0},"end":{"line":274,"column":5}},"274":{"start":{"line":275,"column":0},"end":{"line":275,"column":3}},"280":{"start":{"line":281,"column":0},"end":{"line":281,"column":32}},"281":{"start":{"line":282,"column":0},"end":{"line":282,"column":69}},"282":{"start":{"line":283,"column":0},"end":{"line":283,"column":66}},"283":{"start":{"line":284,"column":0},"end":{"line":284,"column":3}},"285":{"start":{"line":286,"column":0},"end":{"line":286,"column":41}},"286":{"start":{"line":287,"column":0},"end":{"line":287,"column":63}},"287":{"start":{"line":288,"column":0},"end":{"line":288,"column":53}},"288":{"start":{"line":289,"column":0},"end":{"line":289,"column":54}},"289":{"start":{"line":290,"column":0},"end":{"line":290,"column":3}},"291":{"start":{"line":292,"column":0},"end":{"line":292,"column":67}},"292":{"start":{"line":293,"column":0},"end":{"line":293,"column":67}},"293":{"start":{"line":294,"column":0},"end":{"line":294,"column":53}},"294":{"start":{"line":295,"column":0},"end":{"line":295,"column":54}},"295":{"start":{"line":296,"column":0},"end":{"line":296,"column":3}},"297":{"start":{"line":298,"column":0},"end":{"line":298,"column":88}},"300":{"start":{"line":301,"column":0},"end":{"line":301,"column":77}},"301":{"start":{"line":302,"column":0},"end":{"line":302,"column":20}},"302":{"start":{"line":303,"column":0},"end":{"line":303,"column":22}},"303":{"start":{"line":304,"column":0},"end":{"line":304,"column":46}},"304":{"start":{"line":305,"column":0},"end":{"line":305,"column":66}},"305":{"start":{"line":306,"column":0},"end":{"line":306,"column":8}},"306":{"start":{"line":307,"column":0},"end":{"line":307,"column":23}},"307":{"start":{"line":308,"column":0},"end":{"line":308,"column":3}},"309":{"start":{"line":310,"column":0},"end":{"line":310,"column":46}},"310":{"start":{"line":311,"column":0},"end":{"line":311,"column":9}},"311":{"start":{"line":312,"column":0},"end":{"line":312,"column":42}},"312":{"start":{"line":313,"column":0},"end":{"line":313,"column":55}},"313":{"start":{"line":314,"column":0},"end":{"line":314,"column":46}},"314":{"start":{"line":315,"column":0},"end":{"line":315,"column":59}},"315":{"start":{"line":316,"column":0},"end":{"line":316,"column":13}},"316":{"start":{"line":317,"column":0},"end":{"line":317,"column":23}},"317":{"start":{"line":318,"column":0},"end":{"line":318,"column":5}},"318":{"start":{"line":319,"column":0},"end":{"line":319,"column":3}},"324":{"start":{"line":325,"column":0},"end":{"line":325,"column":61}},"325":{"start":{"line":326,"column":0},"end":{"line":326,"column":55}},"326":{"start":{"line":327,"column":0},"end":{"line":327,"column":53}},"327":{"start":{"line":328,"column":0},"end":{"line":328,"column":58}},"328":{"start":{"line":329,"column":0},"end":{"line":329,"column":3}},"330":{"start":{"line":331,"column":0},"end":{"line":331,"column":62}},"331":{"start":{"line":332,"column":0},"end":{"line
[...]
"line":175,"column":0},"end":{"line":175,"column":6}},"175":{"start":{"line":176,"column":0},"end":{"line":176,"column":3}},"176":{"start":{"line":177,"column":0},"end":{"line":177,"column":1}},"181":{"start":{"line":182,"column":0},"end":{"line":182,"column":62}},"182":{"start":{"line":183,"column":0},"end":{"line":183,"column":48}},"184":{"start":{"line":185,"column":0},"end":{"line":185,"column":34}},"185":{"start":{"line":186,"column":0},"end":{"line":186,"column":10}},"186":{"start":{"line":187,"column":0},"end":{"line":187,"column":57}},"188":{"start":{"line":189,"column":0},"end":{"line":189,"column":6}},"189":{"start":{"line":190,"column":0},"end":{"line":190,"column":3}},"190":{"start":{"line":191,"column":0},"end":{"line":191,"column":1}},"195":{"start":{"line":196,"column":0},"end":{"line":196,"column":55}},"196":{"start":{"line":197,"column":0},"end":{"line":197,"column":46}},"198":{"start":{"line":199,"column":0},"end":{"line":199,"column":56}},"199":{"start":{"line":200,"column":0},"end":{"line":200,"column":19}},"200":{"start":{"line":201,"column":0},"end":{"line":201,"column":3}},"201":{"start":{"line":202,"column":0},"end":{"line":202,"column":1}},"210":{"start":{"line":211,"column":0},"end":{"line":211,"column":61}},"211":{"start":{"line":212,"column":0},"end":{"line":212,"column":48}},"213":{"start":{"line":214,"column":0},"end":{"line":214,"column":17}},"214":{"start":{"line":215,"column":0},"end":{"line":215,"column":10}},"215":{"start":{"line":216,"column":0},"end":{"line":216,"column":51}},"217":{"start":{"line":218,"column":0},"end":{"line":218,"column":6}},"218":{"start":{"line":219,"column":0},"end":{"line":219,"column":3}},"219":{"start":{"line":220,"column":0},"end":{"line":220,"column":1}},"224":{"start":{"line":225,"column":0},"end":{"line":225,"column":60}},"225":{"start":{"line":226,"column":0},"end":{"line":226,"column":47}},"226":{"start":{"line":227,"column":0},"end":{"line":227,"column":42}},"228":{"start":{"line":229,"column":0},"end":{"line":229,"column":36}},"229":{"start":{"line":230,"column":0},"end":{"line":230,"column":10}},"230":{"start":{"line":231,"column":0},"end":{"line":231,"column":51}},"231":{"start":{"line":232,"column":0},"end":{"line":232,"column":95}},"232":{"start":{"line":233,"column":0},"end":{"line":233,"column":6}},"233":{"start":{"line":234,"column":0},"end":{"line":234,"column":33}},"234":{"start":{"line":235,"column":0},"end":{"line":235,"column":3}},"235":{"start":{"line":236,"column":0},"end":{"line":236,"column":1}},"240":{"start":{"line":241,"column":0},"end":{"line":241,"column":65}},"241":{"start":{"line":242,"column":0},"end":{"line":242,"column":52}},"243":{"start":{"line":244,"column":0},"end":{"line":244,"column":31}},"244":{"start":{"line":245,"column":0},"end":{"line":245,"column":10}},"245":{"start":{"line":246,"column":0},"end":{"line":246,"column":45}},"246":{"start":{"line":247,"column":0},"end":{"line":247,"column":22}},"247":{"start":{"line":248,"column":0},"end":{"line":248,"column":62}},"248":{"start":{"line":249,"column":0},"end":{"line":249,"column":69}},"249":{"start":{"line":250,"column":0},"end":{"line":250,"column":6}},"250":{"start":{"line":251,"column":0},"end":{"line":251,"column":3}},"251":{"start":{"line":252,"column":0},"end":{"line":252,"column":1}},"256":{"start":{"line":257,"column":0},"end":{"line":257,"column":49}},"257":{"start":{"line":258,"column":0},"end":{"line":258,"column":40}},"259":{"start":{"line":260,"column":0},"end":{"line":260,"column":56}},"260":{"start":{"line":261,"column":0},"end":{"line":261,"column":19}},"261":{"start":{"line":262,"column":0},"end":{"line":262,"column":3}},"262":{"start":{"line":263,"column":0},"end":{"line":263,"column":1}}},"s":{"7":1,"8":1,"9":1,"10":1,"11":1,"12":1,"13":1,"14":1,"15":1,"16":1,"17":1,"18":1,"19":1,"20":1,"21":1,"22":1,"23":1,"30":1,"33":1,"34":45,"35":45,"37":45,"38":45,"39":1,"44":1,"45":1,"47":1,"48":4,"49":4,"51":4,"52":4,"53":1,"58":1,"59":1,"61":1,"62":3,"63":3,"65":3,"66":3,"67":1,"72":1,"73":1,"75":1,"76":7,"77":7,"78":1,"83":1,"84":1,"86":1,"87":2,"88":2,"89":1,"94":1,"95":1,"97":1,"98":2,"99":2,"100":1,"105":1,"106":1,"108":1,"109":2,"110":2,"111":1,"116":1,"117":1,"119":1,"120":3,"121":3,"122":1,"127":1,"128":25,"129":25,"134":1,"135":5,"136":1,"137":1,"139":5,"140":1,"141":1,"143":3,"144":3,"153":1,"154":1,"156":1,"157":3,"158":3,"160":3,"161":3,"162":1,"167":1,"168":1,"170":1,"171":2,"172":2,"174":2,"175":2,"176":1,"181":1,"182":1,"184":1,"185":2,"186":2,"188":2,"189":2,"190":1,"195":1,"196":1,"198":1,"199":3,"200":3,"201":1,"210":1,"211":1,"213":1,"214":3,"215":3,"217":3,"218":3,"219":1,"224":1,"225":1,"226":3,"228":1,"229":3,"230":3,"231":3,"232":3,"233":3,"234":3,"235":1,"240":1,"241":1,"243":1,"244":3,"245":3,"246":3,"247":2,"248":1,"249":3,"250":3,"251":1,"256":1,"257":1,"259":1,"260":3,"261":3,"262":1},"branchMap":{"0":{"type":"branch","line":34,"loc":{"start":{"line":34,"column":2},"end":{"line":39,"column":3}},"locations":[{"start":{"line":34,"column":2},"end":{"line":39,"column":3}}]},"1":{"type":"branch","line":46,"loc":{"start":{"line":46,"column":11},"end":{"line":46,"column":47}},"locations":[{"start":{"line":46,"column":11},"end":{"line":46,"column":47}}]},"2":{"type":"branch","line":48,"loc":{"start":{"line":48,"column":2},"end":{"line":53,"column":3}},"locations":[{"start":{"line":48,"column":2},"end":{"line":53,"column":3}}]},"3":{"type":"branch","line":60,"loc":{"start":{"line":60,"column":11},"end":{"line":60,"column":44}},"locations":[{"start":{"line":60,"column":11},"end":{"line":60,"column":44}}]},"4":{"type":"branch","line":62,"loc":{"start":{"line":62,"column":2},"end":{"line":67,"column":3}},"locations":[{"start":{"line":62,"column":2},"end":{"line":67,"column":3}}]},"5":{"type":"branch","line":76,"loc":{"start":{"line":76,"column":2},"end":{"line":78,"column":3}},"locations":[{"start":{"line":76,"column":2},"end":{"line":78,"column":3}}]},"6":{"type":"branch","line":78,"loc":{"start":{"line":78,"column":2},"end":{"line":78,"column":3}},"locations":[{"start":{"line":78,"column":2},"end":{"line":78,"column":3}}]},"7":{"type":"branch","line":85,"loc":{"start":{"line":85,"column":11},"end":{"line":85,"column":51}},"locations":[{"start":{"line":85,"column":11},"end":{"line":85,"column":51}}]},"8":{"type":"branch","line":87,"loc":{"start":{"line":87,"column":2},"end":{"line":89,"column":3}},"locations":[{"start":{"line":87,"column":2},"end":{"line":89,"column":3}}]},"9":{"type":"branch","line":98,"loc":{"start":{"line":98,"column":2},"end":{"line":100,"column":3}},"locations":[{"start":{"line":98,"column":2},"end":{"line":100,"column":3}}]},"10":{"type":"branch","line":100,"loc":{"start":{"line":100,"column":2},"end":{"line":100,"column":3}},"locations":[{"start":{"line":100,"column":2},"end":{"line":100,"column":3}}]},"11":{"type":"branch","line":107,"loc":{"start":{"line":107,"column":11},"end":{"line":107,"column":45}},"locations":[{"start":{"line":107,"column":11},"end":{"line":107,"column":45}}]},"12":{"type":"branch","line":109,"loc":{"start":{"line":109,"column":2},"end":{"line":111,"column":3}},"locations":[{"start":{"line":109,"column":2},"end":{"line":111,"column":3}}]},"13":{"type":"branch","line":118,"loc":{"start":{"line":118,"column":11},"end":{"line":118,"column":38}},"locations":[{"start":{"line":118,"column":11},"end":{"line":118,"column":38}}]},"14":{"type":"branch","line":120,"loc":{"start":{"line":120,"column":2},"end":{"line":122,"column":3}},"locations":[{"start":{"line":120,"column":2},"end":{"line":122,"column":3}}]},"15":{"type":"branch","line":128,"loc":{"start":{"line":128,"column":7},"end":{"line":130,"column":1}},"locations":[{"start":{"line":128,"column":7},"end":{"line":130,"column":1}}]},"16":{"type":"branch","line":135,"loc":{"start":{"line":135,"column":7},"end":{"line":145,"column":1}},"locations":[{"start":{"line":135,"column":7},"end":{"line":145,"column":1}}]},"17":{"type":"branch","line":136,"loc":{"start":{"line":136,"column":32},"end":{"line":138,"column":3}},"locations":[{"start":{"line":136,"column":32},"end":{"line":138,"column":3}}]},"18":{"type":"branch","line":138,"loc":{"start":{"line":138,"column":2},"end":{"line":140,"column":30}},"locations":[{"start":{"line":138,"column":2},"end":{"line":140,"column":30}}]},"19":{"type":"branch","line":140,"loc":{"start":{"line":140,"column":30},"end":{"line":142,"column":3}},"locations":[{"start":{"line":140,"column":30},"end":{"line":142,"column":3}}]},"20":{"type":"branch","line":142,"loc":{"start":{"line":142,"column":2},"end":{"line":145,"column":1}},"locations":[{"start":{"line":142,"column":2},"end":{"line":145,"column":1}}]},"21":{"type":"branch","line":155,"loc":{"start":{"line":155,"column":11},"end":{"line":155,"column":48}},"locations":[{"start":{"line":155,"column":11},"end":{"line":155,"column":48}}]},"22":{"type":"branch","line":157,"loc":{"start":{"line":157,"column":2},"end":{"line":162,"column":3}},"locations":[{"start":{"line":157,"column":2},"end":{"line":162,"column":3}}]},"23":{"type":"branch","line":169,"loc":{"start":{"line":169,"column":11},"end":{"line":169,"column":58}},"locations":[{"start":{"line":169,"column":11},"end":{"line":169,"column":58}}]},"24":{"type":"branch","line":171,"loc":{"start":{"line":171,"column":2},"end":{"line":176,"column":3}},"locations":[{"start":{"line":171,"column":2},"end":{"line":176,"column":3}}]},"25":{"type":"branch","line":183,"loc":{"start":{"line":183,"column":11},"end":{"line":183,"column":48}},"locations":[{"start":{"line":183,"column":11},"end":{"line":183,"column":48}}]},"26":{"type":"branch","line":185,"loc":{"start":{"line":185,"column":2},"end":{"line":190,"column":3}},"locations":[{"start":{"line":185,"column":2},"end":{"line":190,"column":3}}]},"27":{"type":"branch","line":199,"loc":{"start":{"line":199,"column":2},"end":{"line":201,"column":3}},"locations":[{"start":{"line":199,"column":2},"end":{"line":201,"column":3}}]},"28":{"type":"branch","line":201,"loc":{"start":{"line":201,"column":2},"end":{"line":201,"column":3}},"locations":[{"start":{"line":201,"column":2},"end":{"line":201,"column":3}}]},"29":{"type":"branch","line":212,"loc":{"start":{"line":212,"column":11},"end":{"line":212,"column":48}},"locations":[{"start":{"line":212,"column":11},"end":{"line":212,"column":48}}]},"30":{"type":"branch","line":214,"loc":{"start":{"line":214,"column":2},"end":{"line":219,"column":3}},"locations":[{"start":{"line":214,"column":2},"end":{"line":219,"column":3}}]},"31":{"type":"branch","line":226,"loc":{"start":{"line":226,"column":11},"end":{"line":227,"column":42}},"locations":[{"start":{"line":226,"column":11},"end":{"line":227,"column":42}}]},"32":{"type":"branch","line":229,"loc":{"start":{"line":229,"column":2},"end":{"line":235,"column":3}},"locations":[{"start":{"line":229,"column":2},"end":{"line":235,"column":3}}]},"33":{"type":"branch","line":232,"loc":{"start":{"line":232,"column":23},"end":{"line":232,"column":69}},"locations":[{"start":{"line":232,"column":23},"end":{"line":232,"column":69}}]},"34":{"type":"branch","line":232,"loc":{"start":{"line":232,"column":55},"end":{"line":232,"column":95}},"locations":[{"start":{"line":232,"column":55},"end":{"line":232,"column":95}}]},"35":{"type":"branch","line":242,"loc":{"start":{"line":242,"column":11},"end":{"line":242,"column":52}},"locations":[{"start":{"line":242,"column":11},"end":{"line":242,"column":52}}]},"36":{"type":"branch","line":244,"loc":{"start":{"line":244,"column":2},"end":{"line":251,"column":3}},"locations":[{"start":{"line":244,"column":2},"end":{"line":251,"column":3}}]},"37":{"type":"branch","line":247,"loc":{"start":{"line":247,"column":18},"end":{"line":248,"column":62}},"locations":[{"start":{"line":247,"column":18},"end":{"line":248,"column":62}}]},"38":{"type":"branch","line":248,"loc":{"start":{"line":248,"column":47},"end":{"line":249,"column":69}},"locations":[{"start":{"line":248,"column":47},"end":{"line":249,"column":69}}]},"39":{"type":"branch","line":260,"loc":{"start":{"line":260,"column":2},"end":{"line":262,"column":3}},"locations":[{"start":{"line":260,"column":2},"end":{"line":262,"column":3}}]},"40":{"type":"branch","line":262,"loc":{"start":{"line":262,"column":2},"end":{"line":262,"column":3}},"locations":[{"start":{"line":262,"column":2},"end":{"line":262,"column":3}}]}},"b":{"0":[45],"1":[4],"2":[4],"3":[3],"4":[3],"5":[7],"6":[7],"7":[2],"8":[2],"9":[2],"10":[2],"11":[2],"12":[2],"13":[3],"14":[3],"15":[25],"16":[5],"17":[1],"18":[4],"19":[1],"20":[3],"21":[3],"22":[3],"23":[2],"24":[2],"25":[2],"26":[2],"27":[3],"28":[3],"29":[3],"30":[3],"31":[3],"32":[3],"33":[2],"34":[1],"35":[3],"36":[3],"37":[2],"38":[1],"39":[3],"40":[3]},"fnMap":{"0":{"name":"OutlookMcpError","decl":{"start":{"line":34,"column":2},"end":{"line":39,"column":3}},"loc":{"start":{"line":34,"column":2},"end":{"line":39,"column":3}},"line":34},"1":{"name":"<instance_members_initializer>","decl":{"start":{"line":46,"column":11},"end":{"line":46,"column":47}},"loc":{"start":{"line":46,"column":11},"end":{"line":46,"column":47}},"line":46},"2":{"name":"DatabaseNotFoundError","decl":{"start":{"line":48,"column":2},"end":{"line":53,"column":3}},"loc":{"start":{"line":48,"column":2},"end":{"line":53,"column":3}},"line":48},"3":{"name":"<instance_members_initializer>","decl":{"start":{"line":60,"column":11},"end":{"line":60,"column":44}},"loc":{"start":{"line":60,"column":11},"end":{"line":60,"column":44}},"line":60},"4":{"name":"DatabaseLockedError","decl":{"start":{"line":62,"column":2},"end":{"line":67,"column":3}},"loc":{"start":{"line":62,"column":2},"end":{"line":67,"column":3}},"line":62},"5":{"name":"DatabaseError","decl":{"start":{"line":76,"column":2},"end":{"line":78,"column":3}},"loc":{"start":{"line":76,"column":2},"end":{"line":78,"column":3}},"line":76},"6":{"name":"<instance_members_initializer>","decl":{"start":{"line":78,"column":2},"end":{"line":78,"column":3}},"loc":{"start":{"line":78,"column":2},"end":{"line":78,"column":3}},"line":78},"7":{"name":"<instance_members_initializer>","decl":{"start":{"line":85,"column":11},"end":{"line":85,"column":51}},"loc":{"start":{"line":85,"column":11},"end":{"line":85,"column":51}},"line":85},"8":{"name":"ContentFileNotFoundError","decl":{"start":{"line":87,"column":2},"end":{"line":89,"column":3}},"loc":{"start":{"line":87,"column":2},"end":{"line":89,"column":3}},"line":87},"9":{"name":"ContentParseError","decl":{"start":{"line":98,"column":2},"end":{"line":100,"column":3}},"loc":{"start":{"line":98,"column":2},"end":{"line":100,"column":3}},"line":98},"10":{"name":"<instance_members_initializer>","decl":{"start":{"line":100,"column":2},"end":{"line":100,"column":3}},"loc":{"start":{"line":100,"column":2},"end":{"line":100,"column":3}},"line":100},"11":{"name":"<instance_members_initializer>","decl":{"start":{"line":107,"column":11},"end":{"line":107,"column":45}},"loc":{"start":{"line":107,"column":11},"end":{"line":107,"column":45}},"line":107},"12":{"name":"ValidationError","decl":{"start":{"line":109,"column":2},"end":{"line":111,"column":3}},"loc":{"start":{"line":109,"column":2},"end":{"line":111,"column":3}},"line":109},"13":{"name":"<instance_members_initializer>","decl":{"start":{"line":118,"column":11},"end":{"line":118,"column":38}},"loc":{"start":{"line":118,"column":11},"end":{"line":118,"column":38}},"line":118},"14":{"name":"NotFoundError","decl":{"start":{"line":120,"column":2},"end":{"line":122,"column":3}},"loc":{"start":{"line":120,"column":2},"end":{"line":122,"column":3}},"line":120},"15":{"name":"isOutlookMcpError","decl":{"start":{"line":128,"column":7},"end":{"line":130,"column":1}},"loc":{"start":{"line":128,"column":7},"end":{"line":130,"column":1}},"line":128},"16":{"name":"wrapError","decl":{"start":{"line":135,"column":7},"end":{"line":145,"column":1}},"loc":{"start":{"line":135,"column":7},"end":{"line":145,"column":1}},"line":135},"17":{"name":"<instance_members_initializer>","decl":{"start":{"line":155,"column":11},"end":{"line":155,"column":48}},"loc":{"start":{"line":155,"column":11},"end":{"line":155,"column":48}},"line":155},"18":{"name":"OutlookNotRunningError","decl":{"start":{"line":157,"column":2},"end":{"line":162,"column":3}},"loc":{"start":{"line":157,"column":2},"end":{"line":162,"column":3}},"line":157},"19":{"name":"<instance_members_initializer>","decl":{"start":{"line":169,"column":11},"end":{"line":169,"column":58}},"loc":{"start":{"line":169,"column":11},"end":{"line":169,"column":58}},"line":169},"20":{"name":"AppleScriptPermissionError","decl":{"start":{"line":171,"column":2},"end":{"line":176,"column":3}},"loc":{"start":{"line":171,"column":2},"end":{"line":176,"column":3}},"line":171},"21":{"name":"<instance_members_initializer>","decl":{"start":{"line":183,"column":11},"end":{"line":183,"column":48}},"loc":{"start":{"line":183,"column":11},"end":{"line":183,"column":48}},"line":183},"22":{"name":"AppleScriptTimeoutError","decl":{"start":{"line":185,"column":2},"end":{"line":190,"column":3}},"loc":{"start":{"line":185,"column":2},"end":{"line":190,"column":3}},"line":185},"23":{"name":"AppleScriptError","decl":{"start":{"line":199,"column":2},"end":{"line":201,"column":3}},"loc":{"start":{"line":199,"column":2},"end":{"line":201,"column":3}},"line":199},"24":{"name":"<instance_members_initializer>","decl":{"start":{"line":201,"column":2},"end":{"line":201,"column":3}},"loc":{"start":{"line":201,"column":2},"end":{"line":201,"column":3}},"line":201},"25":{"name":"<instance_members_initializer>","decl":{"start":{"line":212,"column":11},"end":{"line":212,"column":48}},"loc":{"start":{"line":212,"column":11},"end":{"line":212,"column":48}},"line":212},"26":{"name":"GraphAuthRequiredError","decl":{"start":{"line":214,"column":2},"end":{"line":219,"column":3}},"loc":{"start":{"line":214,"column":2},"end":{"line":219,"column":3}},"line":214},"27":{"name":"<instance_members_initializer>","decl":{"start":{"line":226,"column":11},"end":{"line":227,"column":42}},"loc":{"start":{"line":226,"column":11},"end":{"line":227,"column":42}},"line":226},"28":{"name":"GraphRateLimitedError","decl":{"start":{"line":229,"column":2},"end":{"line":235,"column":3}},"loc":{"start":{"line":229,"column":2},"end":{"line":235,"column":3}},"line":229},"29":{"name":"<instance_members_initializer>","decl":{"start":{"line":242,"column":11},"end":{"line":242,"column":52}},"loc":{"start":{"line":242,"column":11},"end":{"line":242,"column":52}},"line":242},"30":{"name":"GraphPermissionDeniedError","decl":{"start":{"line":244,"column":2},"end":{"line":251,"column":3}},"loc":{"start":{"line":244,"column":2},"end":{"line":251,"column":3}},"line":244},"31":{"name":"GraphError","decl":{"start":{"line":260,"column":2},"end":{"line":262,"column":3}},"loc":{"start":{"line":260,"column":2},"end":{"line":262,"column":3}},"line":260},"32":{"name":"<instance_members_initializer>","decl":{"start":{"line":262,"column":2},"end":{"line":262,"column":3}},"loc":{"start":{"line":262,"column":2},"end":{"line":262,"column":3}},"line":262}},"f":{"0":45,"1":4,"2":4,"3":3,"4":3,"5":7,"6":7,"7":2,"8":2,"9":2,"10":2,"11":2,"12":2,"13":3,"14":3,"15":25,"16":5,"17":3,"18":3,"19":2,"20":2,"21":2,"22":2,"23":3,"24":3,"25":3,"26":3,"27":3,"28":3,"29":3,"30":3,"31":3,"32":3}}
,"/Users/joel.castillo.cq/conductor/workspaces/outlook-mac-mcp/salem/src/utils/index.ts": {"path":"/Users/joel.castillo.cq/conductor/workspaces/outlook-mac-mcp/salem/src/utils/index.ts","all":true,"statementMap":{"0":{"start":{"line":1,"column":0},"end":{"line":1,"column":3}}},"s":{"0":0},"branchMap":{"0":{"type":"branch","line":1,"loc":{"start":{"line":1,"column":442},"end":{"line":25,"column":21}},"locations":[{"start":{"line":1,"column":442},"end":{"line":25,"column":21}}]}},"b":{"0":[0]},"fnMap":{"0":{"name":"(empty-report)","decl":{"start":{"line":1,"column":442},"end":{"line":25,"column":21}},"loc":{"start":{"line":1,"column":442},"end":{"line":25,"column":21}},"line":1}},"f":{"0":0}}
}
